<?xml version="1.0" encoding="UTF-8"?>
<robot generator="Robot 7.3.2 (Python 3.11.9 on win32)" generated="2025-09-08T21:06:34.784003" rpa="false" schemaversion="5">
<suite id="s1" name="Tests" source="C:\Users\91956\PycharmProjects\PythonMainProject\HR_project\tests">
<suite id="s1-s1" name="Test Login Credentials Suite" source="C:\Users\91956\PycharmProjects\PythonMainProject\HR_project\tests\test_login_credentials_suite.robot">
<kw name="Launch Browser" owner="login_page_keywords" type="SETUP">
<kw name="Open Browser" owner="SeleniumLibrary">
<msg time="2025-09-08T21:06:35.931753" level="INFO">Opening browser 'chrome' to base url 'https://opensource-demo.orangehrmlive.com/web/index.php/auth/login'.</msg>
<arg>${URL}</arg>
<arg>${BROWSER}</arg>
<doc>Opens a new browser instance to the optional ``url``.</doc>
<status status="PASS" start="2025-09-08T21:06:35.931753" elapsed="12.448218"/>
</kw>
<kw name="Maximize Browser Window" owner="SeleniumLibrary">
<doc>Maximizes current browser window.</doc>
<status status="PASS" start="2025-09-08T21:06:48.379971" elapsed="0.051313"/>
</kw>
<doc>This Keyword Launches the Browser and Maximizes the Window</doc>
<status status="PASS" start="2025-09-08T21:06:35.931753" elapsed="12.501651"/>
</kw>
<test id="s1-s1-t1" name="Test Case 1" line="30">
<kw name="Validate Login Functionality Using Multiple Sets Of Credentials" owner="test_case_1_resources">
<kw name="Read Usernames and Passwords" owner="read_csv_data">
<msg time="2025-09-08T21:06:48.439652" level="INFO">@{CREDENTIALS} = [ ['Admin', 'admin123'] | ['manager@guvi.com', 'password@123'] | ['suman@guvi.com', 'password@123'] ]</msg>
<var>@{CREDENTIALS}</var>
<status status="PASS" start="2025-09-08T21:06:48.437484" elapsed="0.002168"/>
</kw>
<for flavor="IN">
<iter>
<kw name="Set Variable" owner="BuiltIn">
<msg time="2025-09-08T21:06:48.441664" level="INFO">${USERNAME} = Admin</msg>
<var>${USERNAME}</var>
<arg>${CREDS}[0]</arg>
<doc>Returns the given values which can then be assigned to a variables.</doc>
<status status="PASS" start="2025-09-08T21:06:48.441664" elapsed="0.000000"/>
</kw>
<kw name="Set Variable" owner="BuiltIn">
<msg time="2025-09-08T21:06:48.443679" level="INFO">${PASSWORD} = admin123</msg>
<var>${PASSWORD}</var>
<arg>${CREDS}[1]</arg>
<doc>Returns the given values which can then be assigned to a variables.</doc>
<status status="PASS" start="2025-09-08T21:06:48.443679" elapsed="0.000000"/>
</kw>
<kw name="Validate Title of Home Page" owner="login_page_keywords">
<kw name="Get Title" owner="SeleniumLibrary">
<msg time="2025-09-08T21:06:48.461415" level="INFO">${ACTUAL_TITLE} = OrangeHRM</msg>
<var>${ACTUAL_TITLE}</var>
<doc>Returns the title of the current page.</doc>
<status status="PASS" start="2025-09-08T21:06:48.445704" elapsed="0.015711"/>
</kw>
<kw name="Should Match" owner="BuiltIn">
<arg>${ACTUAL_TITLE}</arg>
<arg>${EXPECTED_TITLE}</arg>
<doc>Fails if the given ``string`` does not match the given ``pattern``.</doc>
<status status="PASS" start="2025-09-08T21:06:48.461415" elapsed="0.000000"/>
</kw>
<kw name="Log" owner="BuiltIn">
<msg time="2025-09-08T21:06:48.461415" level="INFO">Actual Page Title: OrangeHRM</msg>
<arg>Actual Page Title: ${ACTUAL_TITLE}</arg>
<doc>Logs the given message with the given level.</doc>
<status status="PASS" start="2025-09-08T21:06:48.461415" elapsed="0.000000"/>
</kw>
<kw name="Log" owner="BuiltIn">
<msg time="2025-09-08T21:06:48.461415" level="INFO">Expected Page Title: OrangeHRM</msg>
<arg>Expected Page Title: ${EXPECTED_TITLE}</arg>
<doc>Logs the given message with the given level.</doc>
<status status="PASS" start="2025-09-08T21:06:48.461415" elapsed="0.000000"/>
</kw>
<doc>This Keyword Validate the Title of the Home Page</doc>
<status status="PASS" start="2025-09-08T21:06:48.443679" elapsed="0.017736"/>
</kw>
<kw name="Enter Credentials" owner="login_page_keywords">
<kw name="Enter Username and Password" owner="login_page">
<try>
<branch type="TRY">
<kw name="Set Variable" owner="BuiltIn">
<msg time="2025-09-08T21:06:48.469910" level="INFO">${USERNAME_LOCATOR} = name=username</msg>
<var>${USERNAME_LOCATOR}</var>
<arg>${USERNAME_FIELD}</arg>
<doc>Returns the given values which can then be assigned to a variables.</doc>
<status status="PASS" start="2025-09-08T21:06:48.469910" elapsed="0.000000"/>
</kw>
<kw name="Wait Until Element Is Visible" owner="SeleniumLibrary">
<arg>${USERNAME_FIELD}</arg>
<doc>Waits until the element ``locator`` is visible.</doc>
<status status="PASS" start="2025-09-08T21:06:48.469910" elapsed="1.857416"/>
</kw>
<kw name="Element Should Be Visible" owner="SeleniumLibrary">
<msg time="2025-09-08T21:06:50.354751" level="INFO">Element 'name=username' is displayed.</msg>
<arg>${USERNAME_LOCATOR}</arg>
<doc>Verifies that the element identified by ``locator`` is visible.</doc>
<status status="PASS" start="2025-09-08T21:06:50.327326" elapsed="0.027425"/>
</kw>
<kw name="Element Should Be Enabled" owner="SeleniumLibrary">
<arg>${USERNAME_LOCATOR}</arg>
<doc>Verifies that element identified by ``locator`` is enabled.</doc>
<status status="PASS" start="2025-09-08T21:06:50.354751" elapsed="0.031100"/>
</kw>
<kw name="Clear Element Text" owner="SeleniumLibrary">
<arg>${USERNAME_LOCATOR}</arg>
<doc>Clears the value of the text-input-element identified by ``locator``.</doc>
<status status="PASS" start="2025-09-08T21:06:50.385851" elapsed="0.062115"/>
</kw>
<kw name="Input Text" owner="SeleniumLibrary">
<msg time="2025-09-08T21:06:50.460766" level="INFO">Typing text 'Admin' into text field 'name=username'.</msg>
<arg>${USERNAME_LOCATOR}</arg>
<arg>${USERNAME}</arg>
<doc>Types the given ``text`` into the text field identified by ``locator``.</doc>
<status status="PASS" start="2025-09-08T21:06:50.447966" elapsed="0.156826"/>
</kw>
<kw name="Log" owner="BuiltIn">
<msg time="2025-09-08T21:06:50.604792" level="INFO">Entered Username: Admin</msg>
<arg>Entered Username: ${USERNAME}</arg>
<doc>Logs the given message with the given level.</doc>
<status status="PASS" start="2025-09-08T21:06:50.604792" elapsed="0.000000"/>
</kw>
<status status="PASS" start="2025-09-08T21:06:48.469910" elapsed="2.134882"/>
</branch>
<branch type="EXCEPT">
<kw name="Log" owner="BuiltIn">
<arg>Username Element Not Found</arg>
<doc>Logs the given message with the given level.</doc>
<status status="NOT RUN" start="2025-09-08T21:06:50.604792" elapsed="0.000000"/>
</kw>
<status status="NOT RUN" start="2025-09-08T21:06:50.604792" elapsed="0.000000"/>
</branch>
<status status="PASS" start="2025-09-08T21:06:48.469910" elapsed="2.136893"/>
</try>
<try>
<branch type="TRY">
<kw name="Set Variable" owner="BuiltIn">
<msg time="2025-09-08T21:06:50.606803" level="INFO">${PASSWORD_LOCATOR} = name=password</msg>
<var>${PASSWORD_LOCATOR}</var>
<arg>${PASSWORD_FIELD}</arg>
<doc>Returns the given values which can then be assigned to a variables.</doc>
<status status="PASS" start="2025-09-08T21:06:50.606803" elapsed="0.000000"/>
</kw>
<kw name="Element Should Be Visible" owner="SeleniumLibrary">
<msg time="2025-09-08T21:06:50.647634" level="INFO">Element 'name=password' is displayed.</msg>
<arg>${PASSWORD_LOCATOR}</arg>
<doc>Verifies that the element identified by ``locator`` is visible.</doc>
<status status="PASS" start="2025-09-08T21:06:50.606803" elapsed="0.040831"/>
</kw>
<kw name="Element Should Be Enabled" owner="SeleniumLibrary">
<arg>${PASSWORD_LOCATOR}</arg>
<doc>Verifies that element identified by ``locator`` is enabled.</doc>
<status status="PASS" start="2025-09-08T21:06:50.647634" elapsed="0.033957"/>
</kw>
<kw name="Clear Element Text" owner="SeleniumLibrary">
<arg>${PASSWORD_LOCATOR}</arg>
<doc>Clears the value of the text-input-element identified by ``locator``.</doc>
<status status="PASS" start="2025-09-08T21:06:50.681591" elapsed="0.067644"/>
</kw>
<kw name="Input Text" owner="SeleniumLibrary">
<msg time="2025-09-08T21:06:50.749235" level="INFO">Typing text 'admin123' into text field 'name=password'.</msg>
<arg>${PASSWORD_LOCATOR}</arg>
<arg>${PASSWORD}</arg>
<doc>Types the given ``text`` into the text field identified by ``locator``.</doc>
<status status="PASS" start="2025-09-08T21:06:50.749235" elapsed="0.475214"/>
</kw>
<kw name="Log" owner="BuiltIn">
<msg time="2025-09-08T21:06:51.226471" level="INFO">Entered Password: admin123</msg>
<arg>Entered Password: ${PASSWORD}</arg>
<doc>Logs the given message with the given level.</doc>
<status status="PASS" start="2025-09-08T21:06:51.226471" elapsed="0.000000"/>
</kw>
<status status="PASS" start="2025-09-08T21:06:50.606803" elapsed="0.619668"/>
</branch>
<branch type="EXCEPT">
<kw name="Log" owner="BuiltIn">
<arg>Password Element Not Found</arg>
<doc>Logs the given message with the given level.</doc>
<status status="NOT RUN" start="2025-09-08T21:06:51.229963" elapsed="0.000000"/>
</kw>
<status status="NOT RUN" start="2025-09-08T21:06:51.228834" elapsed="0.002407"/>
</branch>
<status status="PASS" start="2025-09-08T21:06:50.606803" elapsed="0.624438"/>
</try>
<arg>${USERNAME}</arg>
<arg>${PASSWORD}</arg>
<status status="PASS" start="2025-09-08T21:06:48.469910" elapsed="2.761331"/>
</kw>
<arg>${USERNAME}</arg>
<arg>${PASSWORD}</arg>
<doc>This Keyword Read the Username and Password from CSV and Enter in Appropriate Field</doc>
<status status="PASS" start="2025-09-08T21:06:48.461415" elapsed="2.769826"/>
</kw>
<kw name="Click On Login Button" owner="login_page_keywords">
<kw name="Click Login Button" owner="login_page">
<kw name="Element Should Be Visible" owner="SeleniumLibrary">
<msg time="2025-09-08T21:06:51.321787" level="INFO">Element 'xpath=//button[@type='submit']' is displayed.</msg>
<arg>${LOGIN_BUTTON}</arg>
<doc>Verifies that the element identified by ``locator`` is visible.</doc>
<status status="PASS" start="2025-09-08T21:06:51.236998" elapsed="0.084789"/>
</kw>
<kw name="Element Should Be Enabled" owner="SeleniumLibrary">
<arg>${LOGIN_BUTTON}</arg>
<doc>Verifies that element identified by ``locator`` is enabled.</doc>
<status status="PASS" start="2025-09-08T21:06:51.321787" elapsed="0.094180"/>
</kw>
<kw name="Click Button" owner="SeleniumLibrary">
<msg time="2025-09-08T21:06:51.421046" level="INFO">Clicking button 'xpath=//button[@type='submit']'.</msg>
<arg>${LOGIN_BUTTON}</arg>
<doc>Clicks the button identified by ``locator``.</doc>
<status status="PASS" start="2025-09-08T21:06:51.415967" elapsed="0.238132"/>
</kw>
<status status="PASS" start="2025-09-08T21:06:51.233262" elapsed="0.420837"/>
</kw>
<doc>This Keyword Clicks on Login Button</doc>
<status status="PASS" start="2025-09-08T21:06:51.233262" elapsed="0.420837"/>
</kw>
<kw name="Handle Error Message" owner="login_error_message">
<kw name="Run Keyword And Return Status" owner="BuiltIn">
<kw name="Wait Until Element Is Visible" owner="SeleniumLibrary">
<msg time="2025-09-08T21:06:57.024510" level="INFO" html="true">&lt;/td&gt;&lt;/tr&gt;&lt;tr&gt;&lt;td colspan="3"&gt;&lt;a href="selenium-screenshot-361.png"&gt;&lt;img src="selenium-screenshot-361.png" width="800px"&gt;&lt;/a&gt;</msg>
<msg time="2025-09-08T21:06:57.024510" level="FAIL">Element 'xpath=//p[text()='Invalid credentials']' not visible after 5 seconds.</msg>
<arg>${ERROR_MESSAGE}</arg>
<arg>5s</arg>
<doc>Waits until the element ``locator`` is visible.</doc>
<status status="FAIL" start="2025-09-08T21:06:51.656110" elapsed="5.371642">Element 'xpath=//p[text()='Invalid credentials']' not visible after 5 seconds.</status>
</kw>
<msg time="2025-09-08T21:06:57.027752" level="INFO">${STATUS} = False</msg>
<var>${STATUS}</var>
<arg>Wait Until Element Is Visible</arg>
<arg>${ERROR_MESSAGE}</arg>
<arg>5s</arg>
<doc>Runs the given keyword with given arguments and returns the status as a Boolean value.</doc>
<status status="PASS" start="2025-09-08T21:06:51.656110" elapsed="5.371642"/>
</kw>
<if>
<branch type="IF" condition="${STATUS}">
<kw name="Log" owner="BuiltIn">
<arg>Invalid Credentials</arg>
<doc>Logs the given message with the given level.</doc>
<status status="NOT RUN" start="2025-09-08T21:06:57.027752" elapsed="0.000000"/>
</kw>
<return>
<value>False</value>
<status status="NOT RUN" start="2025-09-08T21:06:57.027752" elapsed="0.000000"/>
</return>
<status status="NOT RUN" start="2025-09-08T21:06:57.027752" elapsed="0.000000"/>
</branch>
<branch type="ELSE">
<kw name="Log" owner="BuiltIn">
<msg time="2025-09-08T21:06:57.031766" level="INFO">Valid Credentials</msg>
<arg>Valid Credentials</arg>
<doc>Logs the given message with the given level.</doc>
<status status="PASS" start="2025-09-08T21:06:57.027752" elapsed="0.004014"/>
</kw>
<return>
<value>True</value>
<status status="PASS" start="2025-09-08T21:06:57.031766" elapsed="0.000000"/>
</return>
<status status="PASS" start="2025-09-08T21:06:57.027752" elapsed="0.004014"/>
</branch>
<status status="PASS" start="2025-09-08T21:06:57.027752" elapsed="0.004014"/>
</if>
<msg time="2025-09-08T21:06:57.031766" level="INFO">${STATUS} = True</msg>
<var>${STATUS}</var>
<doc>This Keyword Rejects the Invalid Credentials with Appropriate Error Message.
Also Returns the Validation Value to Continue the Login Flow.</doc>
<status status="PASS" start="2025-09-08T21:06:51.656110" elapsed="5.375656"/>
</kw>
<kw name="Validate Build Flow" owner="login_page_keywords">
<if>
<branch type="IF" condition="${STATUS}">
<kw name="Dashboard Element Validation" owner="login_page_keywords">
<kw name="Dashboard Element" owner="dashboard_page">
<kw name="Wait Until Element Is Visible" owner="SeleniumLibrary">
<arg>${USER_NAME}</arg>
<arg>5s</arg>
<doc>Waits until the element ``locator`` is visible.</doc>
<status status="PASS" start="2025-09-08T21:06:57.035177" elapsed="0.036168"/>
</kw>
<kw name="Element Should Be Visible" owner="SeleniumLibrary">
<msg time="2025-09-08T21:06:57.096509" level="INFO">Element 'xpath=//p[@class='oxd-userdropdown-name']' is displayed.</msg>
<arg>${USER_NAME}</arg>
<doc>Verifies that the element identified by ``locator`` is visible.</doc>
<status status="PASS" start="2025-09-08T21:06:57.071345" elapsed="0.025164"/>
</kw>
<kw name="Get Text" owner="SeleniumLibrary">
<msg time="2025-09-08T21:06:57.136203" level="INFO">${NAME} = AdminMontassar HRM</msg>
<var>${NAME}</var>
<arg>${USER_NAME}</arg>
<doc>Returns the text value of the element identified by ``locator``.</doc>
<status status="PASS" start="2025-09-08T21:06:57.096509" elapsed="0.039694"/>
</kw>
<kw name="Log" owner="BuiltIn">
<msg time="2025-09-08T21:06:57.136203" level="INFO">AdminMontassar HRM : is Logged In</msg>
<arg>${NAME} : is Logged In</arg>
<doc>Logs the given message with the given level.</doc>
<status status="PASS" start="2025-09-08T21:06:57.136203" elapsed="0.000000"/>
</kw>
<doc>This Keyword Validate and Prints the Username Displayed in Dashboard.</doc>
<status status="PASS" start="2025-09-08T21:06:57.035177" elapsed="0.101026"/>
</kw>
<doc>This Keyword Prints the Logged Username that Displayed on  Dashboard</doc>
<status status="PASS" start="2025-09-08T21:06:57.033777" elapsed="0.102426"/>
</kw>
<kw name="Click On Logout" owner="login_page_keywords">
<kw name="Logout Functionality" owner="dashboard_page">
<kw name="Wait Until Element Is Visible" owner="SeleniumLibrary">
<arg>${DOWN_ARROW}</arg>
<arg>5s</arg>
<doc>Waits until the element ``locator`` is visible.</doc>
<status status="PASS" start="2025-09-08T21:06:57.137689" elapsed="0.032607"/>
</kw>
<kw name="Element Should Be Enabled" owner="SeleniumLibrary">
<arg>${DOWN_ARROW}</arg>
<doc>Verifies that element identified by ``locator`` is enabled.</doc>
<status status="PASS" start="2025-09-08T21:06:57.170296" elapsed="0.043670"/>
</kw>
<kw name="Click Element" owner="SeleniumLibrary">
<msg time="2025-09-08T21:06:57.214472" level="INFO">Clicking element 'xpath=//i[@class='oxd-icon bi-caret-down-fill oxd-userdropdown-icon']'.</msg>
<arg>${DOWN_ARROW}</arg>
<doc>Click the element identified by ``locator``.</doc>
<status status="PASS" start="2025-09-08T21:06:57.214472" elapsed="0.156864"/>
</kw>
<kw name="Wait Until Element Is Visible" owner="SeleniumLibrary">
<arg>${LOGOUT}</arg>
<doc>Waits until the element ``locator`` is visible.</doc>
<status status="PASS" start="2025-09-08T21:06:57.371336" elapsed="0.536757"/>
</kw>
<kw name="Element Should Be Enabled" owner="SeleniumLibrary">
<arg>${LOGOUT}</arg>
<doc>Verifies that element identified by ``locator`` is enabled.</doc>
<status status="PASS" start="2025-09-08T21:06:57.908093" elapsed="0.088810"/>
</kw>
<kw name="Click Element" owner="SeleniumLibrary">
<msg time="2025-09-08T21:06:57.996903" level="INFO">Clicking element 'xpath=//ul[@class='oxd-dropdown-menu']//li[4]/a[text()='Logout']'.</msg>
<arg>${LOGOUT}</arg>
<doc>Click the element identified by ``locator``.</doc>
<status status="PASS" start="2025-09-08T21:06:57.996903" elapsed="1.348724"/>
</kw>
<doc>This Keyword Validates the Logout Elements and Perform Logout</doc>
<status status="PASS" start="2025-09-08T21:06:57.137689" elapsed="2.207938"/>
</kw>
<doc>This Keyword Validates the Logout is Successful by Printing the Page Heading</doc>
<status status="PASS" start="2025-09-08T21:06:57.136203" elapsed="2.209424"/>
</kw>
<kw name="Validate Logout" owner="logout_validation">
<kw name="Wait Until Element Is Visible" owner="SeleniumLibrary">
<arg>${LOGIN_ELEMENT}</arg>
<doc>Waits until the element ``locator`` is visible.</doc>
<status status="PASS" start="2025-09-08T21:06:59.348214" elapsed="0.533506"/>
</kw>
<kw name="Get Text" owner="SeleniumLibrary">
<msg time="2025-09-08T21:06:59.965329" level="INFO">${LOGIN_TEXT} = Login</msg>
<var>${LOGIN_TEXT}</var>
<arg>${LOGIN_ELEMENT}</arg>
<doc>Returns the text value of the element identified by ``locator``.</doc>
<status status="PASS" start="2025-09-08T21:06:59.881720" elapsed="0.083609"/>
</kw>
<kw name="Log" owner="BuiltIn">
<msg time="2025-09-08T21:06:59.965329" level="INFO">This is Login Page</msg>
<arg>This is ${LOGIN_TEXT} Page</arg>
<doc>Logs the given message with the given level.</doc>
<status status="PASS" start="2025-09-08T21:06:59.965329" elapsed="0.000000"/>
</kw>
<kw name="Get Location" owner="SeleniumLibrary">
<msg time="2025-09-08T21:06:59.994435" level="INFO">${CURRENT_URL} = https://opensource-demo.orangehrmlive.com/web/index.php/auth/login</msg>
<var>${CURRENT_URL}</var>
<doc>Returns the current browser window URL.</doc>
<status status="PASS" start="2025-09-08T21:06:59.965329" elapsed="0.029106"/>
</kw>
<kw name="Log" owner="BuiltIn">
<msg time="2025-09-08T21:06:59.994435" level="INFO">Current Page URL is: https://opensource-demo.orangehrmlive.com/web/index.php/auth/login</msg>
<arg>Current Page URL is: ${CURRENT_URL}</arg>
<doc>Logs the given message with the given level.</doc>
<status status="PASS" start="2025-09-08T21:06:59.994435" elapsed="0.000000"/>
</kw>
<kw name="Should Contain" owner="BuiltIn">
<arg>${CURRENT_URL}</arg>
<arg>${URL}</arg>
<doc>Fails if ``container`` does not contain ``item`` one or more times.</doc>
<status status="PASS" start="2025-09-08T21:06:59.994435" elapsed="0.000000"/>
</kw>
<doc>This Keyword Validates the Logout Functionality, by checking the current page url after logged out</doc>
<status status="PASS" start="2025-09-08T21:06:59.345627" elapsed="0.648808"/>
</kw>
<kw name="Set Variable" owner="BuiltIn">
<msg time="2025-09-08T21:06:59.994435" level="INFO">${TEST_RESULT} = Valid Credential</msg>
<var>${TEST_RESULT}</var>
<arg>Valid Credential</arg>
<doc>Returns the given values which can then be assigned to a variables.</doc>
<status status="PASS" start="2025-09-08T21:06:59.994435" elapsed="0.000000"/>
</kw>
<status status="PASS" start="2025-09-08T21:06:57.031766" elapsed="2.962669"/>
</branch>
<branch type="ELSE">
<kw name="Get Text" owner="SeleniumLibrary">
<var>${ERROR_TEXT}</var>
<arg>${ERROR_MESSAGE}</arg>
<doc>Returns the text value of the element identified by ``locator``.</doc>
<status status="NOT RUN" start="2025-09-08T21:06:59.994435" elapsed="0.000000"/>
</kw>
<kw name="Log" owner="BuiltIn">
<arg>Error Message: ${ERROR_TEXT}</arg>
<doc>Logs the given message with the given level.</doc>
<status status="NOT RUN" start="2025-09-08T21:06:59.994435" elapsed="0.000000"/>
</kw>
<kw name="Set Variable" owner="BuiltIn">
<var>${TEST_RESULT}</var>
<arg>${ERROR_TEXT}</arg>
<doc>Returns the given values which can then be assigned to a variables.</doc>
<status status="NOT RUN" start="2025-09-08T21:06:59.994435" elapsed="0.000000"/>
</kw>
<status status="NOT RUN" start="2025-09-08T21:06:59.994435" elapsed="0.000000"/>
</branch>
<status status="PASS" start="2025-09-08T21:06:57.031766" elapsed="2.962669"/>
</if>
<return>
<value>${TEST_RESULT}</value>
<status status="PASS" start="2025-09-08T21:06:59.994435" elapsed="0.000000"/>
</return>
<msg time="2025-09-08T21:06:59.994435" level="INFO">${TEST_RESULT} = Valid Credential</msg>
<var>${TEST_RESULT}</var>
<arg>${STATUS}</arg>
<doc>This Keyword Validates the Login Flow Based on the Status Returned from the "Handle Error Message" Keyword.
Also Validate and Pass the Test Result Which is Then Used to Write the Test Report in CSV.</doc>
<status status="PASS" start="2025-09-08T21:06:57.031766" elapsed="2.962669"/>
</kw>
<kw name="Write To Csv" owner="write_to_csv_data">
<kw name="Set Variable" owner="BuiltIn">
<msg time="2025-09-08T21:06:59.994435" level="INFO">${TEST_REPORT} = Admin,admin123,Valid Credential</msg>
<var>${TEST_REPORT}</var>
<arg>${USERNAME},${PASSWORD},${TEST_RESULT}</arg>
<doc>Returns the given values which can then be assigned to a variables.</doc>
<status status="PASS" start="2025-09-08T21:06:59.994435" elapsed="0.000000"/>
</kw>
<kw name="Append To File" owner="OperatingSystem">
<msg time="2025-09-08T21:07:00.011419" level="INFO" html="true">Appended to file '&lt;a href="file://C:\Users\91956\PycharmProjects\PythonMainProject\HR_project\data\test_report.csv"&gt;C:\Users\91956\PycharmProjects\PythonMainProject\HR_project\data\test_report.csv&lt;/a&gt;'.</msg>
<arg>data/test_report.csv</arg>
<arg>${TEST_REPORT}\n</arg>
<doc>Appends the given content to the specified file.</doc>
<status status="PASS" start="2025-09-08T21:07:00.007587" elapsed="0.003832"/>
</kw>
<arg>${USERNAME}</arg>
<arg>${PASSWORD}</arg>
<arg>${TEST_RESULT}</arg>
<doc>This Keyword Helps to Write the Result produced in Login Test into CSV File</doc>
<status status="PASS" start="2025-09-08T21:06:59.994435" elapsed="0.019006"/>
</kw>
<var name="${CREDS}">['Admin', 'admin123']</var>
<status status="PASS" start="2025-09-08T21:06:48.439652" elapsed="11.573789"/>
</iter>
<iter>
<kw name="Set Variable" owner="BuiltIn">
<msg time="2025-09-08T21:07:00.017484" level="INFO">${USERNAME} = manager@guvi.com</msg>
<var>${USERNAME}</var>
<arg>${CREDS}[0]</arg>
<doc>Returns the given values which can then be assigned to a variables.</doc>
<status status="PASS" start="2025-09-08T21:07:00.015465" elapsed="0.002019"/>
</kw>
<kw name="Set Variable" owner="BuiltIn">
<msg time="2025-09-08T21:07:00.019506" level="INFO">${PASSWORD} = password@123</msg>
<var>${PASSWORD}</var>
<arg>${CREDS}[1]</arg>
<doc>Returns the given values which can then be assigned to a variables.</doc>
<status status="PASS" start="2025-09-08T21:07:00.019506" elapsed="0.000000"/>
</kw>
<kw name="Validate Title of Home Page" owner="login_page_keywords">
<kw name="Get Title" owner="SeleniumLibrary">
<msg time="2025-09-08T21:07:00.047132" level="INFO">${ACTUAL_TITLE} = OrangeHRM</msg>
<var>${ACTUAL_TITLE}</var>
<doc>Returns the title of the current page.</doc>
<status status="PASS" start="2025-09-08T21:07:00.022914" elapsed="0.024218"/>
</kw>
<kw name="Should Match" owner="BuiltIn">
<arg>${ACTUAL_TITLE}</arg>
<arg>${EXPECTED_TITLE}</arg>
<doc>Fails if the given ``string`` does not match the given ``pattern``.</doc>
<status status="PASS" start="2025-09-08T21:07:00.047132" elapsed="0.000000"/>
</kw>
<kw name="Log" owner="BuiltIn">
<msg time="2025-09-08T21:07:00.049586" level="INFO">Actual Page Title: OrangeHRM</msg>
<arg>Actual Page Title: ${ACTUAL_TITLE}</arg>
<doc>Logs the given message with the given level.</doc>
<status status="PASS" start="2025-09-08T21:07:00.047132" elapsed="0.002454"/>
</kw>
<kw name="Log" owner="BuiltIn">
<msg time="2025-09-08T21:07:00.049586" level="INFO">Expected Page Title: OrangeHRM</msg>
<arg>Expected Page Title: ${EXPECTED_TITLE}</arg>
<doc>Logs the given message with the given level.</doc>
<status status="PASS" start="2025-09-08T21:07:00.049586" elapsed="0.003613"/>
</kw>
<doc>This Keyword Validate the Title of the Home Page</doc>
<status status="PASS" start="2025-09-08T21:07:00.019506" elapsed="0.034211"/>
</kw>
<kw name="Enter Credentials" owner="login_page_keywords">
<kw name="Enter Username and Password" owner="login_page">
<try>
<branch type="TRY">
<kw name="Set Variable" owner="BuiltIn">
<msg time="2025-09-08T21:07:00.060780" level="INFO">${USERNAME_LOCATOR} = name=username</msg>
<var>${USERNAME_LOCATOR}</var>
<arg>${USERNAME_FIELD}</arg>
<doc>Returns the given values which can then be assigned to a variables.</doc>
<status status="PASS" start="2025-09-08T21:07:00.060780" elapsed="0.000000"/>
</kw>
<kw name="Wait Until Element Is Visible" owner="SeleniumLibrary">
<arg>${USERNAME_FIELD}</arg>
<doc>Waits until the element ``locator`` is visible.</doc>
<status status="PASS" start="2025-09-08T21:07:00.062790" elapsed="0.114400"/>
</kw>
<kw name="Element Should Be Visible" owner="SeleniumLibrary">
<msg time="2025-09-08T21:07:00.250856" level="INFO">Element 'name=username' is displayed.</msg>
<arg>${USERNAME_LOCATOR}</arg>
<doc>Verifies that the element identified by ``locator`` is visible.</doc>
<status status="PASS" start="2025-09-08T21:07:00.177190" elapsed="0.073666"/>
</kw>
<kw name="Element Should Be Enabled" owner="SeleniumLibrary">
<arg>${USERNAME_LOCATOR}</arg>
<doc>Verifies that element identified by ``locator`` is enabled.</doc>
<status status="PASS" start="2025-09-08T21:07:00.252125" elapsed="0.115261"/>
</kw>
<kw name="Clear Element Text" owner="SeleniumLibrary">
<arg>${USERNAME_LOCATOR}</arg>
<doc>Clears the value of the text-input-element identified by ``locator``.</doc>
<status status="PASS" start="2025-09-08T21:07:00.367386" elapsed="0.174404"/>
</kw>
<kw name="Input Text" owner="SeleniumLibrary">
<msg time="2025-09-08T21:07:00.542926" level="INFO">Typing text 'manager@guvi.com' into text field 'name=username'.</msg>
<arg>${USERNAME_LOCATOR}</arg>
<arg>${USERNAME}</arg>
<doc>Types the given ``text`` into the text field identified by ``locator``.</doc>
<status status="PASS" start="2025-09-08T21:07:00.542926" elapsed="0.461122"/>
</kw>
<kw name="Log" owner="BuiltIn">
<msg time="2025-09-08T21:07:01.004048" level="INFO">Entered Username: manager@guvi.com</msg>
<arg>Entered Username: ${USERNAME}</arg>
<doc>Logs the given message with the given level.</doc>
<status status="PASS" start="2025-09-08T21:07:01.004048" elapsed="0.000000"/>
</kw>
<status status="PASS" start="2025-09-08T21:07:00.058767" elapsed="0.945281"/>
</branch>
<branch type="EXCEPT">
<kw name="Log" owner="BuiltIn">
<arg>Username Element Not Found</arg>
<doc>Logs the given message with the given level.</doc>
<status status="NOT RUN" start="2025-09-08T21:07:01.009871" elapsed="0.000000"/>
</kw>
<status status="NOT RUN" start="2025-09-08T21:07:01.008685" elapsed="0.001186"/>
</branch>
<status status="PASS" start="2025-09-08T21:07:00.058767" elapsed="0.951104"/>
</try>
<try>
<branch type="TRY">
<kw name="Set Variable" owner="BuiltIn">
<msg time="2025-09-08T21:07:01.009871" level="INFO">${PASSWORD_LOCATOR} = name=password</msg>
<var>${PASSWORD_LOCATOR}</var>
<arg>${PASSWORD_FIELD}</arg>
<doc>Returns the given values which can then be assigned to a variables.</doc>
<status status="PASS" start="2025-09-08T21:07:01.009871" elapsed="0.000000"/>
</kw>
<kw name="Element Should Be Visible" owner="SeleniumLibrary">
<msg time="2025-09-08T21:07:01.080750" level="INFO">Element 'name=password' is displayed.</msg>
<arg>${PASSWORD_LOCATOR}</arg>
<doc>Verifies that the element identified by ``locator`` is visible.</doc>
<status status="PASS" start="2025-09-08T21:07:01.014137" elapsed="0.066613"/>
</kw>
<kw name="Element Should Be Enabled" owner="SeleniumLibrary">
<arg>${PASSWORD_LOCATOR}</arg>
<doc>Verifies that element identified by ``locator`` is enabled.</doc>
<status status="PASS" start="2025-09-08T21:07:01.084188" elapsed="0.088916"/>
</kw>
<kw name="Clear Element Text" owner="SeleniumLibrary">
<arg>${PASSWORD_LOCATOR}</arg>
<doc>Clears the value of the text-input-element identified by ``locator``.</doc>
<status status="PASS" start="2025-09-08T21:07:01.173104" elapsed="0.144644"/>
</kw>
<kw name="Input Text" owner="SeleniumLibrary">
<msg time="2025-09-08T21:07:01.317748" level="INFO">Typing text 'password@123' into text field 'name=password'.</msg>
<arg>${PASSWORD_LOCATOR}</arg>
<arg>${PASSWORD}</arg>
<doc>Types the given ``text`` into the text field identified by ``locator``.</doc>
<status status="PASS" start="2025-09-08T21:07:01.317748" elapsed="0.494823"/>
</kw>
<kw name="Log" owner="BuiltIn">
<msg time="2025-09-08T21:07:01.812571" level="INFO">Entered Password: password@123</msg>
<arg>Entered Password: ${PASSWORD}</arg>
<doc>Logs the given message with the given level.</doc>
<status status="PASS" start="2025-09-08T21:07:01.812571" elapsed="0.000000"/>
</kw>
<status status="PASS" start="2025-09-08T21:07:01.009871" elapsed="0.802700"/>
</branch>
<branch type="EXCEPT">
<kw name="Log" owner="BuiltIn">
<arg>Password Element Not Found</arg>
<doc>Logs the given message with the given level.</doc>
<status status="NOT RUN" start="2025-09-08T21:07:01.812571" elapsed="0.000000"/>
</kw>
<status status="NOT RUN" start="2025-09-08T21:07:01.812571" elapsed="0.000000"/>
</branch>
<status status="PASS" start="2025-09-08T21:07:01.009871" elapsed="0.802700"/>
</try>
<arg>${USERNAME}</arg>
<arg>${PASSWORD}</arg>
<status status="PASS" start="2025-09-08T21:07:00.056751" elapsed="1.755820"/>
</kw>
<arg>${USERNAME}</arg>
<arg>${PASSWORD}</arg>
<doc>This Keyword Read the Username and Password from CSV and Enter in Appropriate Field</doc>
<status status="PASS" start="2025-09-08T21:07:00.054731" elapsed="1.757840"/>
</kw>
<kw name="Click On Login Button" owner="login_page_keywords">
<kw name="Click Login Button" owner="login_page">
<kw name="Element Should Be Visible" owner="SeleniumLibrary">
<msg time="2025-09-08T21:07:01.880970" level="INFO">Element 'xpath=//button[@type='submit']' is displayed.</msg>
<arg>${LOGIN_BUTTON}</arg>
<doc>Verifies that the element identified by ``locator`` is visible.</doc>
<status status="PASS" start="2025-09-08T21:07:01.812571" elapsed="0.068399"/>
</kw>
<kw name="Element Should Be Enabled" owner="SeleniumLibrary">
<arg>${LOGIN_BUTTON}</arg>
<doc>Verifies that element identified by ``locator`` is enabled.</doc>
<status status="PASS" start="2025-09-08T21:07:01.880970" elapsed="0.084433"/>
</kw>
<kw name="Click Button" owner="SeleniumLibrary">
<msg time="2025-09-08T21:07:01.965403" level="INFO">Clicking button 'xpath=//button[@type='submit']'.</msg>
<arg>${LOGIN_BUTTON}</arg>
<doc>Clicks the button identified by ``locator``.</doc>
<status status="PASS" start="2025-09-08T21:07:01.965403" elapsed="0.336274"/>
</kw>
<status status="PASS" start="2025-09-08T21:07:01.812571" elapsed="0.490518"/>
</kw>
<doc>This Keyword Clicks on Login Button</doc>
<status status="PASS" start="2025-09-08T21:07:01.812571" elapsed="0.490518"/>
</kw>
<kw name="Handle Error Message" owner="login_error_message">
<kw name="Run Keyword And Return Status" owner="BuiltIn">
<kw name="Wait Until Element Is Visible" owner="SeleniumLibrary">
<arg>${ERROR_MESSAGE}</arg>
<arg>5s</arg>
<doc>Waits until the element ``locator`` is visible.</doc>
<status status="PASS" start="2025-09-08T21:07:02.303089" elapsed="1.627053"/>
</kw>
<msg time="2025-09-08T21:07:03.930142" level="INFO">${STATUS} = True</msg>
<var>${STATUS}</var>
<arg>Wait Until Element Is Visible</arg>
<arg>${ERROR_MESSAGE}</arg>
<arg>5s</arg>
<doc>Runs the given keyword with given arguments and returns the status as a Boolean value.</doc>
<status status="PASS" start="2025-09-08T21:07:02.303089" elapsed="1.627053"/>
</kw>
<if>
<branch type="IF" condition="${STATUS}">
<kw name="Log" owner="BuiltIn">
<msg time="2025-09-08T21:07:03.932910" level="INFO">Invalid Credentials</msg>
<arg>Invalid Credentials</arg>
<doc>Logs the given message with the given level.</doc>
<status status="PASS" start="2025-09-08T21:07:03.931746" elapsed="0.001164"/>
</kw>
<return>
<value>False</value>
<status status="PASS" start="2025-09-08T21:07:03.932910" elapsed="0.000000"/>
</return>
<status status="PASS" start="2025-09-08T21:07:03.930142" elapsed="0.002768"/>
</branch>
<branch type="ELSE">
<kw name="Log" owner="BuiltIn">
<arg>Valid Credentials</arg>
<doc>Logs the given message with the given level.</doc>
<status status="NOT RUN" start="2025-09-08T21:07:03.934753" elapsed="0.000000"/>
</kw>
<return>
<value>True</value>
<status status="NOT RUN" start="2025-09-08T21:07:03.934753" elapsed="0.000000"/>
</return>
<status status="NOT RUN" start="2025-09-08T21:07:03.932910" elapsed="0.001843"/>
</branch>
<status status="PASS" start="2025-09-08T21:07:03.930142" elapsed="0.004611"/>
</if>
<msg time="2025-09-08T21:07:03.934753" level="INFO">${STATUS} = False</msg>
<var>${STATUS}</var>
<doc>This Keyword Rejects the Invalid Credentials with Appropriate Error Message.
Also Returns the Validation Value to Continue the Login Flow.</doc>
<status status="PASS" start="2025-09-08T21:07:02.303089" elapsed="1.631664"/>
</kw>
<kw name="Validate Build Flow" owner="login_page_keywords">
<if>
<branch type="IF" condition="${STATUS}">
<kw name="Dashboard Element Validation" owner="login_page_keywords">
<doc>This Keyword Prints the Logged Username that Displayed on  Dashboard</doc>
<status status="NOT RUN" start="2025-09-08T21:07:03.937020" elapsed="0.000000"/>
</kw>
<kw name="Click On Logout" owner="login_page_keywords">
<doc>This Keyword Validates the Logout is Successful by Printing the Page Heading</doc>
<status status="NOT RUN" start="2025-09-08T21:07:03.940115" elapsed="0.000000"/>
</kw>
<kw name="Validate Logout" owner="logout_validation">
<doc>This Keyword Validates the Logout Functionality, by checking the current page url after logged out</doc>
<status status="NOT RUN" start="2025-09-08T21:07:03.940115" elapsed="0.000000"/>
</kw>
<kw name="Set Variable" owner="BuiltIn">
<var>${TEST_RESULT}</var>
<arg>Valid Credential</arg>
<doc>Returns the given values which can then be assigned to a variables.</doc>
<status status="NOT RUN" start="2025-09-08T21:07:03.942011" elapsed="0.000000"/>
</kw>
<status status="NOT RUN" start="2025-09-08T21:07:03.937020" elapsed="0.004991"/>
</branch>
<branch type="ELSE">
<kw name="Get Text" owner="SeleniumLibrary">
<msg time="2025-09-08T21:07:03.998597" level="INFO">${ERROR_TEXT} = Invalid credentials</msg>
<var>${ERROR_TEXT}</var>
<arg>${ERROR_MESSAGE}</arg>
<doc>Returns the text value of the element identified by ``locator``.</doc>
<status status="PASS" start="2025-09-08T21:07:03.942011" elapsed="0.056586"/>
</kw>
<kw name="Log" owner="BuiltIn">
<msg time="2025-09-08T21:07:04.004005" level="INFO">Error Message: Invalid credentials</msg>
<arg>Error Message: ${ERROR_TEXT}</arg>
<doc>Logs the given message with the given level.</doc>
<status status="PASS" start="2025-09-08T21:07:03.998597" elapsed="0.005408"/>
</kw>
<kw name="Set Variable" owner="BuiltIn">
<msg time="2025-09-08T21:07:04.004005" level="INFO">${TEST_RESULT} = Invalid credentials</msg>
<var>${TEST_RESULT}</var>
<arg>${ERROR_TEXT}</arg>
<doc>Returns the given values which can then be assigned to a variables.</doc>
<status status="PASS" start="2025-09-08T21:07:04.004005" elapsed="0.000000"/>
</kw>
<status status="PASS" start="2025-09-08T21:07:03.942011" elapsed="0.061994"/>
</branch>
<status status="PASS" start="2025-09-08T21:07:03.937020" elapsed="0.066985"/>
</if>
<return>
<value>${TEST_RESULT}</value>
<status status="PASS" start="2025-09-08T21:07:04.004005" elapsed="0.000000"/>
</return>
<msg time="2025-09-08T21:07:04.004005" level="INFO">${TEST_RESULT} = Invalid credentials</msg>
<var>${TEST_RESULT}</var>
<arg>${STATUS}</arg>
<doc>This Keyword Validates the Login Flow Based on the Status Returned from the "Handle Error Message" Keyword.
Also Validate and Pass the Test Result Which is Then Used to Write the Test Report in CSV.</doc>
<status status="PASS" start="2025-09-08T21:07:03.937020" elapsed="0.066985"/>
</kw>
<kw name="Write To Csv" owner="write_to_csv_data">
<kw name="Set Variable" owner="BuiltIn">
<msg time="2025-09-08T21:07:04.004005" level="INFO">${TEST_REPORT} = manager@guvi.com,password@123,Invalid credentials</msg>
<var>${TEST_REPORT}</var>
<arg>${USERNAME},${PASSWORD},${TEST_RESULT}</arg>
<doc>Returns the given values which can then be assigned to a variables.</doc>
<status status="PASS" start="2025-09-08T21:07:04.004005" elapsed="0.000000"/>
</kw>
<kw name="Append To File" owner="OperatingSystem">
<msg time="2025-09-08T21:07:04.004005" level="INFO" html="true">Appended to file '&lt;a href="file://C:\Users\91956\PycharmProjects\PythonMainProject\HR_project\data\test_report.csv"&gt;C:\Users\91956\PycharmProjects\PythonMainProject\HR_project\data\test_report.csv&lt;/a&gt;'.</msg>
<arg>data/test_report.csv</arg>
<arg>${TEST_REPORT}\n</arg>
<doc>Appends the given content to the specified file.</doc>
<status status="PASS" start="2025-09-08T21:07:04.004005" elapsed="0.000000"/>
</kw>
<arg>${USERNAME}</arg>
<arg>${PASSWORD}</arg>
<arg>${TEST_RESULT}</arg>
<doc>This Keyword Helps to Write the Result produced in Login Test into CSV File</doc>
<status status="PASS" start="2025-09-08T21:07:04.004005" elapsed="0.000000"/>
</kw>
<var name="${CREDS}">['manager@guvi.com', 'password@123']</var>
<status status="PASS" start="2025-09-08T21:07:00.013441" elapsed="3.990564"/>
</iter>
<iter>
<kw name="Set Variable" owner="BuiltIn">
<msg time="2025-09-08T21:07:04.004005" level="INFO">${USERNAME} = suman@guvi.com</msg>
<var>${USERNAME}</var>
<arg>${CREDS}[0]</arg>
<doc>Returns the given values which can then be assigned to a variables.</doc>
<status status="PASS" start="2025-09-08T21:07:04.004005" elapsed="0.000000"/>
</kw>
<kw name="Set Variable" owner="BuiltIn">
<msg time="2025-09-08T21:07:04.004005" level="INFO">${PASSWORD} = password@123</msg>
<var>${PASSWORD}</var>
<arg>${CREDS}[1]</arg>
<doc>Returns the given values which can then be assigned to a variables.</doc>
<status status="PASS" start="2025-09-08T21:07:04.004005" elapsed="0.000000"/>
</kw>
<kw name="Validate Title of Home Page" owner="login_page_keywords">
<kw name="Get Title" owner="SeleniumLibrary">
<msg time="2025-09-08T21:07:04.035941" level="INFO">${ACTUAL_TITLE} = OrangeHRM</msg>
<var>${ACTUAL_TITLE}</var>
<doc>Returns the title of the current page.</doc>
<status status="PASS" start="2025-09-08T21:07:04.004005" elapsed="0.031936"/>
</kw>
<kw name="Should Match" owner="BuiltIn">
<arg>${ACTUAL_TITLE}</arg>
<arg>${EXPECTED_TITLE}</arg>
<doc>Fails if the given ``string`` does not match the given ``pattern``.</doc>
<status status="PASS" start="2025-09-08T21:07:04.035941" elapsed="0.000000"/>
</kw>
<kw name="Log" owner="BuiltIn">
<msg time="2025-09-08T21:07:04.035941" level="INFO">Actual Page Title: OrangeHRM</msg>
<arg>Actual Page Title: ${ACTUAL_TITLE}</arg>
<doc>Logs the given message with the given level.</doc>
<status status="PASS" start="2025-09-08T21:07:04.035941" elapsed="0.000000"/>
</kw>
<kw name="Log" owner="BuiltIn">
<msg time="2025-09-08T21:07:04.035941" level="INFO">Expected Page Title: OrangeHRM</msg>
<arg>Expected Page Title: ${EXPECTED_TITLE}</arg>
<doc>Logs the given message with the given level.</doc>
<status status="PASS" start="2025-09-08T21:07:04.035941" elapsed="0.000000"/>
</kw>
<doc>This Keyword Validate the Title of the Home Page</doc>
<status status="PASS" start="2025-09-08T21:07:04.004005" elapsed="0.031936"/>
</kw>
<kw name="Enter Credentials" owner="login_page_keywords">
<kw name="Enter Username and Password" owner="login_page">
<try>
<branch type="TRY">
<kw name="Set Variable" owner="BuiltIn">
<msg time="2025-09-08T21:07:04.035941" level="INFO">${USERNAME_LOCATOR} = name=username</msg>
<var>${USERNAME_LOCATOR}</var>
<arg>${USERNAME_FIELD}</arg>
<doc>Returns the given values which can then be assigned to a variables.</doc>
<status status="PASS" start="2025-09-08T21:07:04.035941" elapsed="0.000000"/>
</kw>
<kw name="Wait Until Element Is Visible" owner="SeleniumLibrary">
<arg>${USERNAME_FIELD}</arg>
<doc>Waits until the element ``locator`` is visible.</doc>
<status status="PASS" start="2025-09-08T21:07:04.035941" elapsed="0.064092"/>
</kw>
<kw name="Element Should Be Visible" owner="SeleniumLibrary">
<msg time="2025-09-08T21:07:04.155178" level="INFO">Element 'name=username' is displayed.</msg>
<arg>${USERNAME_LOCATOR}</arg>
<doc>Verifies that the element identified by ``locator`` is visible.</doc>
<status status="PASS" start="2025-09-08T21:07:04.100033" elapsed="0.055145"/>
</kw>
<kw name="Element Should Be Enabled" owner="SeleniumLibrary">
<arg>${USERNAME_LOCATOR}</arg>
<doc>Verifies that element identified by ``locator`` is enabled.</doc>
<status status="PASS" start="2025-09-08T21:07:04.155178" elapsed="0.088866"/>
</kw>
<kw name="Clear Element Text" owner="SeleniumLibrary">
<arg>${USERNAME_LOCATOR}</arg>
<doc>Clears the value of the text-input-element identified by ``locator``.</doc>
<status status="PASS" start="2025-09-08T21:07:04.244044" elapsed="0.133026"/>
</kw>
<kw name="Input Text" owner="SeleniumLibrary">
<msg time="2025-09-08T21:07:04.377070" level="INFO">Typing text 'suman@guvi.com' into text field 'name=username'.</msg>
<arg>${USERNAME_LOCATOR}</arg>
<arg>${USERNAME}</arg>
<doc>Types the given ``text`` into the text field identified by ``locator``.</doc>
<status status="PASS" start="2025-09-08T21:07:04.377070" elapsed="0.377600"/>
</kw>
<kw name="Log" owner="BuiltIn">
<msg time="2025-09-08T21:07:04.759780" level="INFO">Entered Username: suman@guvi.com</msg>
<arg>Entered Username: ${USERNAME}</arg>
<doc>Logs the given message with the given level.</doc>
<status status="PASS" start="2025-09-08T21:07:04.759780" elapsed="0.000000"/>
</kw>
<status status="PASS" start="2025-09-08T21:07:04.035941" elapsed="0.723839"/>
</branch>
<branch type="EXCEPT">
<kw name="Log" owner="BuiltIn">
<arg>Username Element Not Found</arg>
<doc>Logs the given message with the given level.</doc>
<status status="NOT RUN" start="2025-09-08T21:07:04.761806" elapsed="0.000000"/>
</kw>
<status status="NOT RUN" start="2025-09-08T21:07:04.759780" elapsed="0.002026"/>
</branch>
<status status="PASS" start="2025-09-08T21:07:04.035941" elapsed="0.725865"/>
</try>
<try>
<branch type="TRY">
<kw name="Set Variable" owner="BuiltIn">
<msg time="2025-09-08T21:07:04.763573" level="INFO">${PASSWORD_LOCATOR} = name=password</msg>
<var>${PASSWORD_LOCATOR}</var>
<arg>${PASSWORD_FIELD}</arg>
<doc>Returns the given values which can then be assigned to a variables.</doc>
<status status="PASS" start="2025-09-08T21:07:04.763573" elapsed="0.000000"/>
</kw>
<kw name="Element Should Be Visible" owner="SeleniumLibrary">
<msg time="2025-09-08T21:07:04.818057" level="INFO">Element 'name=password' is displayed.</msg>
<arg>${PASSWORD_LOCATOR}</arg>
<doc>Verifies that the element identified by ``locator`` is visible.</doc>
<status status="PASS" start="2025-09-08T21:07:04.765591" elapsed="0.052466"/>
</kw>
<kw name="Element Should Be Enabled" owner="SeleniumLibrary">
<arg>${PASSWORD_LOCATOR}</arg>
<doc>Verifies that element identified by ``locator`` is enabled.</doc>
<status status="PASS" start="2025-09-08T21:07:04.818057" elapsed="0.076607"/>
</kw>
<kw name="Clear Element Text" owner="SeleniumLibrary">
<arg>${PASSWORD_LOCATOR}</arg>
<doc>Clears the value of the text-input-element identified by ``locator``.</doc>
<status status="PASS" start="2025-09-08T21:07:04.894664" elapsed="0.107337"/>
</kw>
<kw name="Input Text" owner="SeleniumLibrary">
<msg time="2025-09-08T21:07:05.002001" level="INFO">Typing text 'password@123' into text field 'name=password'.</msg>
<arg>${PASSWORD_LOCATOR}</arg>
<arg>${PASSWORD}</arg>
<doc>Types the given ``text`` into the text field identified by ``locator``.</doc>
<status status="PASS" start="2025-09-08T21:07:05.002001" elapsed="0.407990"/>
</kw>
<kw name="Log" owner="BuiltIn">
<msg time="2025-09-08T21:07:05.411197" level="INFO">Entered Password: password@123</msg>
<arg>Entered Password: ${PASSWORD}</arg>
<doc>Logs the given message with the given level.</doc>
<status status="PASS" start="2025-09-08T21:07:05.411197" elapsed="0.000000"/>
</kw>
<status status="PASS" start="2025-09-08T21:07:04.761806" elapsed="0.649391"/>
</branch>
<branch type="EXCEPT">
<kw name="Log" owner="BuiltIn">
<arg>Password Element Not Found</arg>
<doc>Logs the given message with the given level.</doc>
<status status="NOT RUN" start="2025-09-08T21:07:05.411197" elapsed="0.000000"/>
</kw>
<status status="NOT RUN" start="2025-09-08T21:07:05.411197" elapsed="0.000000"/>
</branch>
<status status="PASS" start="2025-09-08T21:07:04.761806" elapsed="0.649391"/>
</try>
<arg>${USERNAME}</arg>
<arg>${PASSWORD}</arg>
<status status="PASS" start="2025-09-08T21:07:04.035941" elapsed="1.375256"/>
</kw>
<arg>${USERNAME}</arg>
<arg>${PASSWORD}</arg>
<doc>This Keyword Read the Username and Password from CSV and Enter in Appropriate Field</doc>
<status status="PASS" start="2025-09-08T21:07:04.035941" elapsed="1.375256"/>
</kw>
<kw name="Click On Login Button" owner="login_page_keywords">
<kw name="Click Login Button" owner="login_page">
<kw name="Element Should Be Visible" owner="SeleniumLibrary">
<msg time="2025-09-08T21:07:05.466055" level="INFO">Element 'xpath=//button[@type='submit']' is displayed.</msg>
<arg>${LOGIN_BUTTON}</arg>
<doc>Verifies that the element identified by ``locator`` is visible.</doc>
<status status="PASS" start="2025-09-08T21:07:05.415886" elapsed="0.050169"/>
</kw>
<kw name="Element Should Be Enabled" owner="SeleniumLibrary">
<arg>${LOGIN_BUTTON}</arg>
<doc>Verifies that element identified by ``locator`` is enabled.</doc>
<status status="PASS" start="2025-09-08T21:07:05.466055" elapsed="0.073134"/>
</kw>
<kw name="Click Button" owner="SeleniumLibrary">
<msg time="2025-09-08T21:07:05.539189" level="INFO">Clicking button 'xpath=//button[@type='submit']'.</msg>
<arg>${LOGIN_BUTTON}</arg>
<doc>Clicks the button identified by ``locator``.</doc>
<status status="PASS" start="2025-09-08T21:07:05.539189" elapsed="0.291419"/>
</kw>
<status status="PASS" start="2025-09-08T21:07:05.415886" elapsed="0.414722"/>
</kw>
<doc>This Keyword Clicks on Login Button</doc>
<status status="PASS" start="2025-09-08T21:07:05.415886" elapsed="0.414722"/>
</kw>
<kw name="Handle Error Message" owner="login_error_message">
<kw name="Run Keyword And Return Status" owner="BuiltIn">
<kw name="Wait Until Element Is Visible" owner="SeleniumLibrary">
<arg>${ERROR_MESSAGE}</arg>
<arg>5s</arg>
<doc>Waits until the element ``locator`` is visible.</doc>
<status status="PASS" start="2025-09-08T21:07:05.834579" elapsed="1.608212"/>
</kw>
<msg time="2025-09-08T21:07:07.442791" level="INFO">${STATUS} = True</msg>
<var>${STATUS}</var>
<arg>Wait Until Element Is Visible</arg>
<arg>${ERROR_MESSAGE}</arg>
<arg>5s</arg>
<doc>Runs the given keyword with given arguments and returns the status as a Boolean value.</doc>
<status status="PASS" start="2025-09-08T21:07:05.833508" elapsed="1.609283"/>
</kw>
<if>
<branch type="IF" condition="${STATUS}">
<kw name="Log" owner="BuiltIn">
<msg time="2025-09-08T21:07:07.442791" level="INFO">Invalid Credentials</msg>
<arg>Invalid Credentials</arg>
<doc>Logs the given message with the given level.</doc>
<status status="PASS" start="2025-09-08T21:07:07.442791" elapsed="0.000000"/>
</kw>
<return>
<value>False</value>
<status status="PASS" start="2025-09-08T21:07:07.442791" elapsed="0.000000"/>
</return>
<status status="PASS" start="2025-09-08T21:07:07.442791" elapsed="0.000000"/>
</branch>
<branch type="ELSE">
<kw name="Log" owner="BuiltIn">
<arg>Valid Credentials</arg>
<doc>Logs the given message with the given level.</doc>
<status status="NOT RUN" start="2025-09-08T21:07:07.442791" elapsed="0.000000"/>
</kw>
<return>
<value>True</value>
<status status="NOT RUN" start="2025-09-08T21:07:07.442791" elapsed="0.000000"/>
</return>
<status status="NOT RUN" start="2025-09-08T21:07:07.442791" elapsed="0.000000"/>
</branch>
<status status="PASS" start="2025-09-08T21:07:07.442791" elapsed="0.000000"/>
</if>
<msg time="2025-09-08T21:07:07.442791" level="INFO">${STATUS} = False</msg>
<var>${STATUS}</var>
<doc>This Keyword Rejects the Invalid Credentials with Appropriate Error Message.
Also Returns the Validation Value to Continue the Login Flow.</doc>
<status status="PASS" start="2025-09-08T21:07:05.832142" elapsed="1.610649"/>
</kw>
<kw name="Validate Build Flow" owner="login_page_keywords">
<if>
<branch type="IF" condition="${STATUS}">
<kw name="Dashboard Element Validation" owner="login_page_keywords">
<doc>This Keyword Prints the Logged Username that Displayed on  Dashboard</doc>
<status status="NOT RUN" start="2025-09-08T21:07:07.442791" elapsed="0.000000"/>
</kw>
<kw name="Click On Logout" owner="login_page_keywords">
<doc>This Keyword Validates the Logout is Successful by Printing the Page Heading</doc>
<status status="NOT RUN" start="2025-09-08T21:07:07.442791" elapsed="0.000000"/>
</kw>
<kw name="Validate Logout" owner="logout_validation">
<doc>This Keyword Validates the Logout Functionality, by checking the current page url after logged out</doc>
<status status="NOT RUN" start="2025-09-08T21:07:07.442791" elapsed="0.000000"/>
</kw>
<kw name="Set Variable" owner="BuiltIn">
<var>${TEST_RESULT}</var>
<arg>Valid Credential</arg>
<doc>Returns the given values which can then be assigned to a variables.</doc>
<status status="NOT RUN" start="2025-09-08T21:07:07.442791" elapsed="0.000000"/>
</kw>
<status status="NOT RUN" start="2025-09-08T21:07:07.442791" elapsed="0.000000"/>
</branch>
<branch type="ELSE">
<kw name="Get Text" owner="SeleniumLibrary">
<msg time="2025-09-08T21:07:07.539937" level="INFO">${ERROR_TEXT} = Invalid credentials</msg>
<var>${ERROR_TEXT}</var>
<arg>${ERROR_MESSAGE}</arg>
<doc>Returns the text value of the element identified by ``locator``.</doc>
<status status="PASS" start="2025-09-08T21:07:07.442791" elapsed="0.097146"/>
</kw>
<kw name="Log" owner="BuiltIn">
<msg time="2025-09-08T21:07:07.539937" level="INFO">Error Message: Invalid credentials</msg>
<arg>Error Message: ${ERROR_TEXT}</arg>
<doc>Logs the given message with the given level.</doc>
<status status="PASS" start="2025-09-08T21:07:07.539937" elapsed="0.000000"/>
</kw>
<kw name="Set Variable" owner="BuiltIn">
<msg time="2025-09-08T21:07:07.539937" level="INFO">${TEST_RESULT} = Invalid credentials</msg>
<var>${TEST_RESULT}</var>
<arg>${ERROR_TEXT}</arg>
<doc>Returns the given values which can then be assigned to a variables.</doc>
<status status="PASS" start="2025-09-08T21:07:07.539937" elapsed="0.000000"/>
</kw>
<status status="PASS" start="2025-09-08T21:07:07.442791" elapsed="0.097146"/>
</branch>
<status status="PASS" start="2025-09-08T21:07:07.442791" elapsed="0.097146"/>
</if>
<return>
<value>${TEST_RESULT}</value>
<status status="PASS" start="2025-09-08T21:07:07.539937" elapsed="0.000000"/>
</return>
<msg time="2025-09-08T21:07:07.539937" level="INFO">${TEST_RESULT} = Invalid credentials</msg>
<var>${TEST_RESULT}</var>
<arg>${STATUS}</arg>
<doc>This Keyword Validates the Login Flow Based on the Status Returned from the "Handle Error Message" Keyword.
Also Validate and Pass the Test Result Which is Then Used to Write the Test Report in CSV.</doc>
<status status="PASS" start="2025-09-08T21:07:07.442791" elapsed="0.097146"/>
</kw>
<kw name="Write To Csv" owner="write_to_csv_data">
<kw name="Set Variable" owner="BuiltIn">
<msg time="2025-09-08T21:07:07.546900" level="INFO">${TEST_REPORT} = suman@guvi.com,password@123,Invalid credentials</msg>
<var>${TEST_REPORT}</var>
<arg>${USERNAME},${PASSWORD},${TEST_RESULT}</arg>
<doc>Returns the given values which can then be assigned to a variables.</doc>
<status status="PASS" start="2025-09-08T21:07:07.546900" elapsed="0.000000"/>
</kw>
<kw name="Append To File" owner="OperatingSystem">
<msg time="2025-09-08T21:07:07.546900" level="INFO" html="true">Appended to file '&lt;a href="file://C:\Users\91956\PycharmProjects\PythonMainProject\HR_project\data\test_report.csv"&gt;C:\Users\91956\PycharmProjects\PythonMainProject\HR_project\data\test_report.csv&lt;/a&gt;'.</msg>
<arg>data/test_report.csv</arg>
<arg>${TEST_REPORT}\n</arg>
<doc>Appends the given content to the specified file.</doc>
<status status="PASS" start="2025-09-08T21:07:07.546900" elapsed="0.000000"/>
</kw>
<arg>${USERNAME}</arg>
<arg>${PASSWORD}</arg>
<arg>${TEST_RESULT}</arg>
<doc>This Keyword Helps to Write the Result produced in Login Test into CSV File</doc>
<status status="PASS" start="2025-09-08T21:07:07.546900" elapsed="0.000000"/>
</kw>
<var name="${CREDS}">['suman@guvi.com', 'password@123']</var>
<status status="PASS" start="2025-09-08T21:07:04.004005" elapsed="3.542895"/>
</iter>
<var>${CREDS}</var>
<value>@{CREDENTIALS}</value>
<status status="PASS" start="2025-09-08T21:06:48.439652" elapsed="19.107248"/>
</for>
<doc>These Test Verifies the Valid User to Login and Logout, When Invalid User Login then Error Message is Thrown.</doc>
<status status="PASS" start="2025-09-08T21:06:48.437484" elapsed="19.109416"/>
</kw>
<doc>These Test Verifies the Valid User to Login and Logout, When Invalid User Login then Error Message is Thrown.</doc>
<status status="PASS" start="2025-09-08T21:06:48.433404" elapsed="19.121657"/>
</test>
<test id="s1-s1-t2" name="Test Case 2" line="34">
<kw name="Verify that the Home URL is Accessible" owner="test_case_2_resources">
<kw name="Validate URL" owner="login_page_keywords">
<kw name="Get Location" owner="SeleniumLibrary">
<msg time="2025-09-08T21:07:07.587631" level="INFO">${ACTUAL_URL} = https://opensource-demo.orangehrmlive.com/web/index.php/auth/login</msg>
<var>${ACTUAL_URL}</var>
<doc>Returns the current browser window URL.</doc>
<status status="PASS" start="2025-09-08T21:07:07.558413" elapsed="0.029218"/>
</kw>
<kw name="Should Start With" owner="BuiltIn">
<arg>${ACTUAL_URL}</arg>
<arg>${URL}</arg>
<doc>Fails if the string ``str1`` does not start with the string ``str2``.</doc>
<status status="PASS" start="2025-09-08T21:07:07.593666" elapsed="0.000000"/>
</kw>
<kw name="Log" owner="BuiltIn">
<msg time="2025-09-08T21:07:07.593666" level="INFO">Actual URl: https://opensource-demo.orangehrmlive.com/web/index.php/auth/login</msg>
<arg>Actual URl: ${ACTUAL_URL}</arg>
<doc>Logs the given message with the given level.</doc>
<status status="PASS" start="2025-09-08T21:07:07.593666" elapsed="0.002018"/>
</kw>
<kw name="Log" owner="BuiltIn">
<msg time="2025-09-08T21:07:07.595684" level="INFO">Expected URL: https://opensource-demo.orangehrmlive.com/web/index.php/auth/login</msg>
<arg>Expected URL: ${URL}</arg>
<doc>Logs the given message with the given level.</doc>
<status status="PASS" start="2025-09-08T21:07:07.595684" elapsed="0.000000"/>
</kw>
<kw name="Should Contain" owner="BuiltIn">
<arg>${ACTUAL_URL}</arg>
<arg>${URL}</arg>
<doc>Fails if ``container`` does not contain ``item`` one or more times.</doc>
<status status="PASS" start="2025-09-08T21:07:07.597705" elapsed="0.000000"/>
</kw>
<doc>This Keyword Validate the Url is Accessible</doc>
<status status="PASS" start="2025-09-08T21:07:07.558413" elapsed="0.039292"/>
</kw>
<kw name="Validate Title of Home Page" owner="login_page_keywords">
<kw name="Get Title" owner="SeleniumLibrary">
<msg time="2025-09-08T21:07:07.619558" level="INFO">${ACTUAL_TITLE} = OrangeHRM</msg>
<var>${ACTUAL_TITLE}</var>
<doc>Returns the title of the current page.</doc>
<status status="PASS" start="2025-09-08T21:07:07.599723" elapsed="0.019835"/>
</kw>
<kw name="Should Match" owner="BuiltIn">
<arg>${ACTUAL_TITLE}</arg>
<arg>${EXPECTED_TITLE}</arg>
<doc>Fails if the given ``string`` does not match the given ``pattern``.</doc>
<status status="PASS" start="2025-09-08T21:07:07.619558" elapsed="0.000000"/>
</kw>
<kw name="Log" owner="BuiltIn">
<msg time="2025-09-08T21:07:07.619558" level="INFO">Actual Page Title: OrangeHRM</msg>
<arg>Actual Page Title: ${ACTUAL_TITLE}</arg>
<doc>Logs the given message with the given level.</doc>
<status status="PASS" start="2025-09-08T21:07:07.619558" elapsed="0.000000"/>
</kw>
<kw name="Log" owner="BuiltIn">
<msg time="2025-09-08T21:07:07.619558" level="INFO">Expected Page Title: OrangeHRM</msg>
<arg>Expected Page Title: ${EXPECTED_TITLE}</arg>
<doc>Logs the given message with the given level.</doc>
<status status="PASS" start="2025-09-08T21:07:07.619558" elapsed="0.015978"/>
</kw>
<doc>This Keyword Validate the Title of the Home Page</doc>
<status status="PASS" start="2025-09-08T21:07:07.597705" elapsed="0.037831"/>
</kw>
<doc>This Test  Verify that the Home URL is Accessible</doc>
<status status="PASS" start="2025-09-08T21:07:07.558413" elapsed="0.077123"/>
</kw>
<doc>This Test  Verify that the Home URL is Accessible</doc>
<status status="PASS" start="2025-09-08T21:07:07.557167" elapsed="0.078369"/>
</test>
<test id="s1-s1-t3" name="Test Case 3" line="38">
<kw name="Validate Presence of Login Fields" owner="test_case_3_resources">
<kw name="Validate URL" owner="login_page_keywords">
<kw name="Get Location" owner="SeleniumLibrary">
<msg time="2025-09-08T21:07:07.667120" level="INFO">${ACTUAL_URL} = https://opensource-demo.orangehrmlive.com/web/index.php/auth/login</msg>
<var>${ACTUAL_URL}</var>
<doc>Returns the current browser window URL.</doc>
<status status="PASS" start="2025-09-08T21:07:07.643396" elapsed="0.023724"/>
</kw>
<kw name="Should Start With" owner="BuiltIn">
<arg>${ACTUAL_URL}</arg>
<arg>${URL}</arg>
<doc>Fails if the string ``str1`` does not start with the string ``str2``.</doc>
<status status="PASS" start="2025-09-08T21:07:07.667120" elapsed="0.000000"/>
</kw>
<kw name="Log" owner="BuiltIn">
<msg time="2025-09-08T21:07:07.679525" level="INFO">Actual URl: https://opensource-demo.orangehrmlive.com/web/index.php/auth/login</msg>
<arg>Actual URl: ${ACTUAL_URL}</arg>
<doc>Logs the given message with the given level.</doc>
<status status="PASS" start="2025-09-08T21:07:07.667120" elapsed="0.013426"/>
</kw>
<kw name="Log" owner="BuiltIn">
<msg time="2025-09-08T21:07:07.682689" level="INFO">Expected URL: https://opensource-demo.orangehrmlive.com/web/index.php/auth/login</msg>
<arg>Expected URL: ${URL}</arg>
<doc>Logs the given message with the given level.</doc>
<status status="PASS" start="2025-09-08T21:07:07.680546" elapsed="0.002143"/>
</kw>
<kw name="Should Contain" owner="BuiltIn">
<arg>${ACTUAL_URL}</arg>
<arg>${URL}</arg>
<doc>Fails if ``container`` does not contain ``item`` one or more times.</doc>
<status status="PASS" start="2025-09-08T21:07:07.684058" elapsed="0.000000"/>
</kw>
<doc>This Keyword Validate the Url is Accessible</doc>
<status status="PASS" start="2025-09-08T21:07:07.643396" elapsed="0.040662"/>
</kw>
<kw name="Validate Title of Home Page" owner="login_page_keywords">
<kw name="Get Title" owner="SeleniumLibrary">
<msg time="2025-09-08T21:07:07.733877" level="INFO">${ACTUAL_TITLE} = OrangeHRM</msg>
<var>${ACTUAL_TITLE}</var>
<doc>Returns the title of the current page.</doc>
<status status="PASS" start="2025-09-08T21:07:07.687585" elapsed="0.046292"/>
</kw>
<kw name="Should Match" owner="BuiltIn">
<arg>${ACTUAL_TITLE}</arg>
<arg>${EXPECTED_TITLE}</arg>
<doc>Fails if the given ``string`` does not match the given ``pattern``.</doc>
<status status="PASS" start="2025-09-08T21:07:07.735893" elapsed="0.002258"/>
</kw>
<kw name="Log" owner="BuiltIn">
<msg time="2025-09-08T21:07:07.743342" level="INFO">Actual Page Title: OrangeHRM</msg>
<arg>Actual Page Title: ${ACTUAL_TITLE}</arg>
<doc>Logs the given message with the given level.</doc>
<status status="PASS" start="2025-09-08T21:07:07.739301" elapsed="0.004041"/>
</kw>
<kw name="Log" owner="BuiltIn">
<msg time="2025-09-08T21:07:07.747914" level="INFO">Expected Page Title: OrangeHRM</msg>
<arg>Expected Page Title: ${EXPECTED_TITLE}</arg>
<doc>Logs the given message with the given level.</doc>
<status status="PASS" start="2025-09-08T21:07:07.745896" elapsed="0.002018"/>
</kw>
<doc>This Keyword Validate the Title of the Home Page</doc>
<status status="PASS" start="2025-09-08T21:07:07.684058" elapsed="0.065876"/>
</kw>
<kw name="Validate Field Visibility" owner="login_fields_visibility">
<kw name="Wait Until Element Is Visible" owner="SeleniumLibrary">
<arg>${USERNAME_FIELD}</arg>
<doc>Waits until the element ``locator`` is visible.</doc>
<status status="PASS" start="2025-09-08T21:07:07.754994" elapsed="0.081265"/>
</kw>
<kw name="Wait Until Element Is Enabled" owner="SeleniumLibrary">
<arg>${USERNAME_FIELD}</arg>
<doc>Waits until the element ``locator`` is enabled.</doc>
<status status="PASS" start="2025-09-08T21:07:07.836259" elapsed="0.050514"/>
</kw>
<kw name="Sleep" owner="BuiltIn">
<msg time="2025-09-08T21:07:09.887325" level="INFO">Slept 2 seconds.</msg>
<arg>2s</arg>
<doc>Pauses the test executed for the given time.</doc>
<status status="PASS" start="2025-09-08T21:07:07.886773" elapsed="2.000552"/>
</kw>
<kw name="Page Should Contain Element" owner="SeleniumLibrary">
<msg time="2025-09-08T21:07:09.902827" level="INFO">Current page contains element 'name=username'.</msg>
<arg>${USERNAME_FIELD}</arg>
<doc>Verifies that element ``locator`` is found on the current page.</doc>
<status status="PASS" start="2025-09-08T21:07:09.887870" elapsed="0.014957"/>
</kw>
<kw name="Log" owner="BuiltIn">
<msg time="2025-09-08T21:07:09.902827" level="INFO">Username Field is Visible and Enabled to Enter Input</msg>
<arg>Username Field is Visible and Enabled to Enter Input</arg>
<doc>Logs the given message with the given level.</doc>
<status status="PASS" start="2025-09-08T21:07:09.902827" elapsed="0.000000"/>
</kw>
<kw name="Wait Until Element Is Visible" owner="SeleniumLibrary">
<arg>${PASSWORD_FIELD}</arg>
<doc>Waits until the element ``locator`` is visible.</doc>
<status status="PASS" start="2025-09-08T21:07:09.902827" elapsed="0.027920"/>
</kw>
<kw name="Wait Until Element Is Enabled" owner="SeleniumLibrary">
<arg>${PASSWORD_FIELD}</arg>
<doc>Waits until the element ``locator`` is enabled.</doc>
<status status="PASS" start="2025-09-08T21:07:09.931933" elapsed="0.040774"/>
</kw>
<kw name="Page Should Contain Element" owner="SeleniumLibrary">
<msg time="2025-09-08T21:07:09.988449" level="INFO">Current page contains element 'name=password'.</msg>
<arg>${PASSWORD_FIELD}</arg>
<doc>Verifies that element ``locator`` is found on the current page.</doc>
<status status="PASS" start="2025-09-08T21:07:09.973723" elapsed="0.014726"/>
</kw>
<kw name="Log" owner="BuiltIn">
<msg time="2025-09-08T21:07:09.988449" level="INFO">Username Field is Visible and Enabled to Enter Input</msg>
<arg>Username Field is Visible and Enabled to Enter Input</arg>
<doc>Logs the given message with the given level.</doc>
<status status="PASS" start="2025-09-08T21:07:09.988449" elapsed="0.000000"/>
</kw>
<doc>This Keyword Validate the visiblity and clickability of Username and Password Fields</doc>
<status status="PASS" start="2025-09-08T21:07:07.752974" elapsed="2.235475"/>
</kw>
<doc>This Test Validates the Username and Password Input Field are Visible and Enabled</doc>
<status status="PASS" start="2025-09-08T21:07:07.641375" elapsed="2.347074"/>
</kw>
<doc>This Test Validates the Username and Password Input Field are Visible and Enabled</doc>
<status status="PASS" start="2025-09-08T21:07:07.635536" elapsed="2.352913"/>
</test>
<test id="s1-s1-t4" name="Test Case 4" line="42">
<kw name="Verify Visibility and Clickability of Main Menu Items after Login" owner="test_case_4_resources">
<kw name="Launch Browser" owner="login_page_keywords">
<kw name="Open Browser" owner="SeleniumLibrary">
<msg time="2025-09-08T21:07:09.990477" level="INFO">Opening browser 'chrome' to base url 'https://opensource-demo.orangehrmlive.com/web/index.php/auth/login'.</msg>
<arg>${URL}</arg>
<arg>${BROWSER}</arg>
<doc>Opens a new browser instance to the optional ``url``.</doc>
<status status="PASS" start="2025-09-08T21:07:09.990477" elapsed="11.040409"/>
</kw>
<kw name="Maximize Browser Window" owner="SeleniumLibrary">
<doc>Maximizes current browser window.</doc>
<status status="PASS" start="2025-09-08T21:07:21.032648" elapsed="0.035230"/>
</kw>
<doc>This Keyword Launches the Browser and Maximizes the Window</doc>
<status status="PASS" start="2025-09-08T21:07:09.990477" elapsed="11.077401"/>
</kw>
<kw name="Validate Title of Home Page" owner="login_page_keywords">
<kw name="Get Title" owner="SeleniumLibrary">
<msg time="2025-09-08T21:07:21.084861" level="INFO">${ACTUAL_TITLE} = OrangeHRM</msg>
<var>${ACTUAL_TITLE}</var>
<doc>Returns the title of the current page.</doc>
<status status="PASS" start="2025-09-08T21:07:21.069857" elapsed="0.015004"/>
</kw>
<kw name="Should Match" owner="BuiltIn">
<arg>${ACTUAL_TITLE}</arg>
<arg>${EXPECTED_TITLE}</arg>
<doc>Fails if the given ``string`` does not match the given ``pattern``.</doc>
<status status="PASS" start="2025-09-08T21:07:21.084861" elapsed="0.003878"/>
</kw>
<kw name="Log" owner="BuiltIn">
<msg time="2025-09-08T21:07:21.088739" level="INFO">Actual Page Title: OrangeHRM</msg>
<arg>Actual Page Title: ${ACTUAL_TITLE}</arg>
<doc>Logs the given message with the given level.</doc>
<status status="PASS" start="2025-09-08T21:07:21.088739" elapsed="0.000000"/>
</kw>
<kw name="Log" owner="BuiltIn">
<msg time="2025-09-08T21:07:21.088739" level="INFO">Expected Page Title: OrangeHRM</msg>
<arg>Expected Page Title: ${EXPECTED_TITLE}</arg>
<doc>Logs the given message with the given level.</doc>
<status status="PASS" start="2025-09-08T21:07:21.088739" elapsed="0.000000"/>
</kw>
<doc>This Keyword Validate the Title of the Home Page</doc>
<status status="PASS" start="2025-09-08T21:07:21.069857" elapsed="0.018882"/>
</kw>
<kw name="Read Credentials" owner="menu_item_dashboard_page">
<kw name="Read Valid Username" owner="read_csv_data">
<msg time="2025-09-08T21:07:21.088739" level="INFO">Admin</msg>
<msg time="2025-09-08T21:07:21.096054" level="INFO">${VALID_USERNAME} = Admin</msg>
<var>${VALID_USERNAME}</var>
<status status="PASS" start="2025-09-08T21:07:21.088739" elapsed="0.007315"/>
</kw>
<kw name="Read Valid Password" owner="read_csv_data">
<msg time="2025-09-08T21:07:21.096054" level="INFO">${VALID_PASSWORD} = admin123</msg>
<var>${VALID_PASSWORD}</var>
<status status="PASS" start="2025-09-08T21:07:21.096054" elapsed="0.000000"/>
</kw>
<return>
<value>${VALID_USERNAME}</value>
<value>${VALID_PASSWORD}</value>
<status status="PASS" start="2025-09-08T21:07:21.096054" elapsed="0.000000"/>
</return>
<msg time="2025-09-08T21:07:21.096054" level="INFO">${VALID_USERNAME} = Admin</msg>
<msg time="2025-09-08T21:07:21.096054" level="INFO">${VALID_PASSWORD} = admin123</msg>
<var>${VALID_USERNAME}</var>
<var>${VALID_PASSWORD}</var>
<doc>This Keyword Reads the Keyword created in selenium to read the CSV file</doc>
<status status="PASS" start="2025-09-08T21:07:21.088739" elapsed="0.007315"/>
</kw>
<kw name="Enter Credentials" owner="login_page_keywords">
<kw name="Enter Username and Password" owner="login_page">
<try>
<branch type="TRY">
<kw name="Set Variable" owner="BuiltIn">
<msg time="2025-09-08T21:07:21.098570" level="INFO">${USERNAME_LOCATOR} = name=username</msg>
<var>${USERNAME_LOCATOR}</var>
<arg>${USERNAME_FIELD}</arg>
<doc>Returns the given values which can then be assigned to a variables.</doc>
<status status="PASS" start="2025-09-08T21:07:21.098570" elapsed="0.000000"/>
</kw>
<kw name="Wait Until Element Is Visible" owner="SeleniumLibrary">
<arg>${USERNAME_FIELD}</arg>
<doc>Waits until the element ``locator`` is visible.</doc>
<status status="PASS" start="2025-09-08T21:07:21.098570" elapsed="1.201416"/>
</kw>
<kw name="Element Should Be Visible" owner="SeleniumLibrary">
<msg time="2025-09-08T21:07:22.341357" level="INFO">Element 'name=username' is displayed.</msg>
<arg>${USERNAME_LOCATOR}</arg>
<doc>Verifies that the element identified by ``locator`` is visible.</doc>
<status status="PASS" start="2025-09-08T21:07:22.301068" elapsed="0.040289"/>
</kw>
<kw name="Element Should Be Enabled" owner="SeleniumLibrary">
<arg>${USERNAME_LOCATOR}</arg>
<doc>Verifies that element identified by ``locator`` is enabled.</doc>
<status status="PASS" start="2025-09-08T21:07:22.341357" elapsed="0.071990"/>
</kw>
<kw name="Clear Element Text" owner="SeleniumLibrary">
<arg>${USERNAME_LOCATOR}</arg>
<doc>Clears the value of the text-input-element identified by ``locator``.</doc>
<status status="PASS" start="2025-09-08T21:07:22.413347" elapsed="0.136575"/>
</kw>
<kw name="Input Text" owner="SeleniumLibrary">
<msg time="2025-09-08T21:07:22.549922" level="INFO">Typing text 'Admin' into text field 'name=username'.</msg>
<arg>${USERNAME_LOCATOR}</arg>
<arg>${USERNAME}</arg>
<doc>Types the given ``text`` into the text field identified by ``locator``.</doc>
<status status="PASS" start="2025-09-08T21:07:22.549922" elapsed="0.263493"/>
</kw>
<kw name="Log" owner="BuiltIn">
<msg time="2025-09-08T21:07:22.815179" level="INFO">Entered Username: Admin</msg>
<arg>Entered Username: ${USERNAME}</arg>
<doc>Logs the given message with the given level.</doc>
<status status="PASS" start="2025-09-08T21:07:22.815179" elapsed="0.000000"/>
</kw>
<status status="PASS" start="2025-09-08T21:07:21.098570" elapsed="1.716609"/>
</branch>
<branch type="EXCEPT">
<kw name="Log" owner="BuiltIn">
<arg>Username Element Not Found</arg>
<doc>Logs the given message with the given level.</doc>
<status status="NOT RUN" start="2025-09-08T21:07:22.815179" elapsed="0.000000"/>
</kw>
<status status="NOT RUN" start="2025-09-08T21:07:22.815179" elapsed="0.000000"/>
</branch>
<status status="PASS" start="2025-09-08T21:07:21.098570" elapsed="1.718626"/>
</try>
<try>
<branch type="TRY">
<kw name="Set Variable" owner="BuiltIn">
<msg time="2025-09-08T21:07:22.817196" level="INFO">${PASSWORD_LOCATOR} = name=password</msg>
<var>${PASSWORD_LOCATOR}</var>
<arg>${PASSWORD_FIELD}</arg>
<doc>Returns the given values which can then be assigned to a variables.</doc>
<status status="PASS" start="2025-09-08T21:07:22.817196" elapsed="0.000000"/>
</kw>
<kw name="Element Should Be Visible" owner="SeleniumLibrary">
<msg time="2025-09-08T21:07:22.889461" level="INFO">Element 'name=password' is displayed.</msg>
<arg>${PASSWORD_LOCATOR}</arg>
<doc>Verifies that the element identified by ``locator`` is visible.</doc>
<status status="PASS" start="2025-09-08T21:07:22.821228" elapsed="0.068233"/>
</kw>
<kw name="Element Should Be Enabled" owner="SeleniumLibrary">
<arg>${PASSWORD_LOCATOR}</arg>
<doc>Verifies that element identified by ``locator`` is enabled.</doc>
<status status="PASS" start="2025-09-08T21:07:22.889461" elapsed="0.069768"/>
</kw>
<kw name="Clear Element Text" owner="SeleniumLibrary">
<arg>${PASSWORD_LOCATOR}</arg>
<doc>Clears the value of the text-input-element identified by ``locator``.</doc>
<status status="PASS" start="2025-09-08T21:07:22.959229" elapsed="0.172534"/>
</kw>
<kw name="Input Text" owner="SeleniumLibrary">
<msg time="2025-09-08T21:07:23.134360" level="INFO">Typing text 'admin123' into text field 'name=password'.</msg>
<arg>${PASSWORD_LOCATOR}</arg>
<arg>${PASSWORD}</arg>
<doc>Types the given ``text`` into the text field identified by ``locator``.</doc>
<status status="PASS" start="2025-09-08T21:07:23.134360" elapsed="0.383947"/>
</kw>
<kw name="Log" owner="BuiltIn">
<msg time="2025-09-08T21:07:23.519996" level="INFO">Entered Password: admin123</msg>
<arg>Entered Password: ${PASSWORD}</arg>
<doc>Logs the given message with the given level.</doc>
<status status="PASS" start="2025-09-08T21:07:23.519996" elapsed="0.001475"/>
</kw>
<status status="PASS" start="2025-09-08T21:07:22.817196" elapsed="0.704275"/>
</branch>
<branch type="EXCEPT">
<kw name="Log" owner="BuiltIn">
<arg>Password Element Not Found</arg>
<doc>Logs the given message with the given level.</doc>
<status status="NOT RUN" start="2025-09-08T21:07:23.521471" elapsed="0.000000"/>
</kw>
<status status="NOT RUN" start="2025-09-08T21:07:23.521471" elapsed="0.000000"/>
</branch>
<status status="PASS" start="2025-09-08T21:07:22.817196" elapsed="0.707413"/>
</try>
<arg>${USERNAME}</arg>
<arg>${PASSWORD}</arg>
<status status="PASS" start="2025-09-08T21:07:21.098570" elapsed="2.426039"/>
</kw>
<arg>${VALID_USERNAME}</arg>
<arg>${VALID_PASSWORD}</arg>
<doc>This Keyword Read the Username and Password from CSV and Enter in Appropriate Field</doc>
<status status="PASS" start="2025-09-08T21:07:21.098570" elapsed="2.426039"/>
</kw>
<kw name="Click On Login Button" owner="login_page_keywords">
<kw name="Click Login Button" owner="login_page">
<kw name="Element Should Be Visible" owner="SeleniumLibrary">
<msg time="2025-09-08T21:07:23.602225" level="INFO">Element 'xpath=//button[@type='submit']' is displayed.</msg>
<arg>${LOGIN_BUTTON}</arg>
<doc>Verifies that the element identified by ``locator`` is visible.</doc>
<status status="PASS" start="2025-09-08T21:07:23.529548" elapsed="0.072677"/>
</kw>
<kw name="Element Should Be Enabled" owner="SeleniumLibrary">
<arg>${LOGIN_BUTTON}</arg>
<doc>Verifies that element identified by ``locator`` is enabled.</doc>
<status status="PASS" start="2025-09-08T21:07:23.602225" elapsed="0.085380"/>
</kw>
<kw name="Click Button" owner="SeleniumLibrary">
<msg time="2025-09-08T21:07:23.687605" level="INFO">Clicking button 'xpath=//button[@type='submit']'.</msg>
<arg>${LOGIN_BUTTON}</arg>
<doc>Clicks the button identified by ``locator``.</doc>
<status status="PASS" start="2025-09-08T21:07:23.687605" elapsed="0.357339"/>
</kw>
<status status="PASS" start="2025-09-08T21:07:23.526175" elapsed="0.519997"/>
</kw>
<doc>This Keyword Clicks on Login Button</doc>
<status status="PASS" start="2025-09-08T21:07:23.526175" elapsed="0.519997"/>
</kw>
<kw name="Dashboard Element Validation" owner="login_page_keywords">
<kw name="Dashboard Element" owner="dashboard_page">
<kw name="Wait Until Element Is Visible" owner="SeleniumLibrary">
<arg>${USER_NAME}</arg>
<arg>5s</arg>
<doc>Waits until the element ``locator`` is visible.</doc>
<status status="PASS" start="2025-09-08T21:07:24.049241" elapsed="2.122354"/>
</kw>
<kw name="Element Should Be Visible" owner="SeleniumLibrary">
<msg time="2025-09-08T21:07:26.248513" level="INFO">Element 'xpath=//p[@class='oxd-userdropdown-name']' is displayed.</msg>
<arg>${USER_NAME}</arg>
<doc>Verifies that the element identified by ``locator`` is visible.</doc>
<status status="PASS" start="2025-09-08T21:07:26.171595" elapsed="0.077937"/>
</kw>
<kw name="Get Text" owner="SeleniumLibrary">
<msg time="2025-09-08T21:07:26.297566" level="INFO">${NAME} = AdminMontassar HRM</msg>
<var>${NAME}</var>
<arg>${USER_NAME}</arg>
<doc>Returns the text value of the element identified by ``locator``.</doc>
<status status="PASS" start="2025-09-08T21:07:26.249532" elapsed="0.048034"/>
</kw>
<kw name="Log" owner="BuiltIn">
<msg time="2025-09-08T21:07:26.297566" level="INFO">AdminMontassar HRM : is Logged In</msg>
<arg>${NAME} : is Logged In</arg>
<doc>Logs the given message with the given level.</doc>
<status status="PASS" start="2025-09-08T21:07:26.297566" elapsed="0.000000"/>
</kw>
<doc>This Keyword Validate and Prints the Username Displayed in Dashboard.</doc>
<status status="PASS" start="2025-09-08T21:07:24.046172" elapsed="2.251394"/>
</kw>
<doc>This Keyword Prints the Logged Username that Displayed on  Dashboard</doc>
<status status="PASS" start="2025-09-08T21:07:24.046172" elapsed="2.251394"/>
</kw>
<kw name="Validate Menu Item" owner="menu_item_dashboard_page">
<kw name="Create List" owner="BuiltIn">
<msg time="2025-09-08T21:07:26.300081" level="INFO">@{LOCATORS} = [ xpath=//span[normalize-space()='Admin']/parent::a | xpath=//ul[@class="oxd-main-menu"]//li//span[text()='PIM'] | xpath=//ul[@class="oxd-main-menu"]//li//span[text()='Leave'] | xpath=//ul[@class="oxd...</msg>
<var>@{LOCATORS}</var>
<arg>${ADMIN_LOCATOR}</arg>
<arg>${PIM_LOCATOR}</arg>
<arg>${LEAVE_LOCATOR}</arg>
<arg>${TIME_LOCATOR}</arg>
<arg>${RECRUITMENT_LOCATOR}</arg>
<arg>${MY_INFO_LOCATOR}</arg>
<arg>${PERFORMANCE_LOCATOR}</arg>
<arg>${DASHBOARD_LOCATOR}</arg>
<doc>Returns a list containing given items.</doc>
<status status="PASS" start="2025-09-08T21:07:26.300081" elapsed="0.000000"/>
</kw>
<for flavor="IN">
<iter>
<kw name="Wait Until Element Is Visible" owner="SeleniumLibrary">
<arg>${LOCATOR}</arg>
<doc>Waits until the element ``locator`` is visible.</doc>
<status status="PASS" start="2025-09-08T21:07:26.300081" elapsed="0.041535"/>
</kw>
<kw name="Wait Until Element Is Enabled" owner="SeleniumLibrary">
<arg>${LOCATOR}</arg>
<doc>Waits until the element ``locator`` is enabled.</doc>
<status status="PASS" start="2025-09-08T21:07:26.341616" elapsed="0.038519"/>
</kw>
<kw name="Page Should Contain Element" owner="SeleniumLibrary">
<msg time="2025-09-08T21:07:26.391190" level="INFO">Current page contains element 'xpath=//span[normalize-space()='Admin']/parent::a'.</msg>
<arg>${LOCATOR}</arg>
<doc>Verifies that element ``locator`` is found on the current page.</doc>
<status status="PASS" start="2025-09-08T21:07:26.380135" elapsed="0.011055"/>
</kw>
<kw name="Click Element" owner="SeleniumLibrary">
<msg time="2025-09-08T21:07:26.391190" level="INFO">Clicking element 'xpath=//span[normalize-space()='Admin']/parent::a'.</msg>
<arg>${LOCATOR}</arg>
<doc>Click the element identified by ``locator``.</doc>
<status status="PASS" start="2025-09-08T21:07:26.391190" elapsed="1.614811"/>
</kw>
<kw name="Wait Until Element Is Visible" owner="SeleniumLibrary">
<arg>${MENU_PAGE_TITLE}</arg>
<doc>Waits until the element ``locator`` is visible.</doc>
<status status="PASS" start="2025-09-08T21:07:28.006001" elapsed="0.582515"/>
</kw>
<kw name="Get Text" owner="SeleniumLibrary">
<msg time="2025-09-08T21:07:28.634810" level="INFO">${LOCATOR_TEXT} = Admin</msg>
<var>${LOCATOR_TEXT}</var>
<arg>${LOCATOR}</arg>
<doc>Returns the text value of the element identified by ``locator``.</doc>
<status status="PASS" start="2025-09-08T21:07:28.588516" elapsed="0.046294"/>
</kw>
<kw name="Get Text" owner="SeleniumLibrary">
<msg time="2025-09-08T21:07:28.683272" level="INFO">${MENU_PAGE_TITLE_TEXT} = Admin</msg>
<var>${MENU_PAGE_TITLE_TEXT}</var>
[...]
<msg time="2025-09-08T21:10:52.147564" level="FAIL">Element 'xpath=//span[@class="oxd-text oxd-text--span oxd-input-field-error-message oxd-input-group__message"]' not visible after 5 seconds.</msg>
<arg>${CLAIM_ERROR_MESSAGE}</arg>
<doc>Waits until the element ``locator`` is visible.</doc>
<status status="FAIL" start="2025-09-08T21:10:46.692011" elapsed="5.455553">Element 'xpath=//span[@class="oxd-text oxd-text--span oxd-input-field-error-message oxd-input-group__message"]' not visible after 5 seconds.</status>
</kw>
<msg time="2025-09-08T21:10:52.147564" level="INFO">${CLAIM_ERROR_MESSAGE_STATUS} = False</msg>
<var>${CLAIM_ERROR_MESSAGE_STATUS}</var>
<arg>Wait until element is visible</arg>
<arg>${CLAIM_ERROR_MESSAGE}</arg>
<doc>Runs the given keyword with given arguments and returns the status as a Boolean value.</doc>
<status status="PASS" start="2025-09-08T21:10:46.692011" elapsed="5.455553"/>
</kw>
<if>
<branch type="IF" condition="${CLAIM_ERROR_MESSAGE_STATUS}">
<kw name="Get Text" owner="SeleniumLibrary">
<var>${CLAIM_ERROR_MESSAGE_TEXT}</var>
<arg>${CLAIM_ERROR_MESSAGE}</arg>
<doc>Returns the text value of the element identified by ``locator``.</doc>
<status status="NOT RUN" start="2025-09-08T21:10:52.147564" elapsed="0.000000"/>
</kw>
<kw name="Log" owner="BuiltIn">
<arg>Error Message : ${CLAIM_ERROR_MESSAGE_TEXT}</arg>
<doc>Logs the given message with the given level.</doc>
<status status="NOT RUN" start="2025-09-08T21:10:52.147564" elapsed="0.000000"/>
</kw>
<status status="NOT RUN" start="2025-09-08T21:10:52.147564" elapsed="0.000000"/>
</branch>
<branch type="ELSE">
<kw name="Log" owner="BuiltIn">
<msg time="2025-09-08T21:10:52.147564" level="INFO">No Error Message Found</msg>
<arg>No Error Message Found</arg>
<doc>Logs the given message with the given level.</doc>
<status status="PASS" start="2025-09-08T21:10:52.147564" elapsed="0.000000"/>
</kw>
<status status="PASS" start="2025-09-08T21:10:52.147564" elapsed="0.000000"/>
</branch>
<status status="PASS" start="2025-09-08T21:10:52.147564" elapsed="0.000000"/>
</if>
<doc>This Keyword Validates the Error message That might appear if the Invalid inputs are given or not</doc>
<status status="PASS" start="2025-09-08T21:10:46.689999" elapsed="5.457565"/>
</kw>
<kw name="Click On Create Button" owner="claim_page">
<kw name="Run Keyword And Return Status" owner="BuiltIn">
<kw name="Wait Until Element Is Visible" owner="SeleniumLibrary">
<arg>${CREATE_BUTTON}</arg>
<doc>Waits until the element ``locator`` is visible.</doc>
<status status="PASS" start="2025-09-08T21:10:52.147564" elapsed="0.080102"/>
</kw>
<msg time="2025-09-08T21:10:52.227666" level="INFO">${CREATE_BUTTON_STATUS} = True</msg>
<var>${CREATE_BUTTON_STATUS}</var>
<arg>Wait until element is visible</arg>
<arg>${CREATE_BUTTON}</arg>
<doc>Runs the given keyword with given arguments and returns the status as a Boolean value.</doc>
<status status="PASS" start="2025-09-08T21:10:52.147564" elapsed="0.080102"/>
</kw>
<if>
<branch type="IF" condition="${CREATE_BUTTON_STATUS}">
<kw name="Click Button" owner="SeleniumLibrary">
<msg time="2025-09-08T21:10:52.227666" level="INFO">Clicking button 'xpath=//button[text()=' Create ']'.</msg>
<arg>${CREATE_BUTTON}</arg>
<doc>Clicks the button identified by ``locator``.</doc>
<status status="PASS" start="2025-09-08T21:10:52.227666" elapsed="0.412689"/>
</kw>
<kw name="Log" owner="BuiltIn">
<msg time="2025-09-08T21:10:52.640355" level="INFO">Clicked on Create Button</msg>
<arg>Clicked on Create Button</arg>
<doc>Logs the given message with the given level.</doc>
<status status="PASS" start="2025-09-08T21:10:52.640355" elapsed="0.000000"/>
</kw>
<status status="PASS" start="2025-09-08T21:10:52.227666" elapsed="0.412689"/>
</branch>
<branch type="ELSE">
<kw name="Log" owner="BuiltIn">
<arg>Create Button Not FOund</arg>
<doc>Logs the given message with the given level.</doc>
<status status="NOT RUN" start="2025-09-08T21:10:52.640355" elapsed="0.000000"/>
</kw>
<status status="NOT RUN" start="2025-09-08T21:10:52.640355" elapsed="0.007349"/>
</branch>
<status status="PASS" start="2025-09-08T21:10:52.227666" elapsed="0.420038"/>
</if>
<doc>This Keyword Validates the Create Button and Click on it.</doc>
<status status="PASS" start="2025-09-08T21:10:52.147564" elapsed="0.500140"/>
</kw>
<kw name="Click on Submit Again" owner="claim_page">
<kw name="Run Keyword And Return Status" owner="BuiltIn">
<kw name="Wait Until Element Is Visible" owner="SeleniumLibrary">
<msg time="2025-09-08T21:10:58.069281" level="INFO" html="true">&lt;/td&gt;&lt;/tr&gt;&lt;tr&gt;&lt;td colspan="3"&gt;&lt;a href="selenium-screenshot-367.png"&gt;&lt;img src="selenium-screenshot-367.png" width="800px"&gt;&lt;/a&gt;</msg>
<msg time="2025-09-08T21:10:58.069281" level="FAIL">Element 'xpath=//button[text()=' Submit ']' not visible after 5 seconds.</msg>
<arg>${SUBMIT_CLAIM_BUTTON}</arg>
<doc>Waits until the element ``locator`` is visible.</doc>
<status status="FAIL" start="2025-09-08T21:10:52.647704" elapsed="5.423589">Element 'xpath=//button[text()=' Submit ']' not visible after 5 seconds.</status>
</kw>
<msg time="2025-09-08T21:10:58.071293" level="INFO">${SUBMIT_CLAIM_BUTTON_STATUS} = False</msg>
<var>${SUBMIT_CLAIM_BUTTON_STATUS}</var>
<arg>Wait until element is visible</arg>
<arg>${SUBMIT_CLAIM_BUTTON}</arg>
<doc>Runs the given keyword with given arguments and returns the status as a Boolean value.</doc>
<status status="PASS" start="2025-09-08T21:10:52.647704" elapsed="5.423589"/>
</kw>
<if>
<branch type="IF" condition="${SUBMIT_CLAIM_BUTTON_STATUS}">
<kw name="Click Button" owner="SeleniumLibrary">
<arg>${SUBMIT_CLAIM_BUTTON}</arg>
<doc>Clicks the button identified by ``locator``.</doc>
<status status="NOT RUN" start="2025-09-08T21:10:58.071293" elapsed="0.000000"/>
</kw>
<kw name="Log" owner="BuiltIn">
<arg>Clicked On Submit Button</arg>
<doc>Logs the given message with the given level.</doc>
<status status="NOT RUN" start="2025-09-08T21:10:58.071293" elapsed="0.000000"/>
</kw>
<status status="NOT RUN" start="2025-09-08T21:10:58.071293" elapsed="0.000000"/>
</branch>
<branch type="ELSE">
<kw name="Log" owner="BuiltIn">
<msg time="2025-09-08T21:10:58.073302" level="INFO">No Submit Button Found</msg>
<arg>No Submit Button Found</arg>
<doc>Logs the given message with the given level.</doc>
<status status="PASS" start="2025-09-08T21:10:58.071293" elapsed="0.002009"/>
</kw>
<status status="PASS" start="2025-09-08T21:10:58.071293" elapsed="0.002009"/>
</branch>
<status status="PASS" start="2025-09-08T21:10:58.071293" elapsed="0.002009"/>
</if>
<doc>This Keyword validates the visibilty of Submit Button and Click on it</doc>
<status status="PASS" start="2025-09-08T21:10:52.647704" elapsed="5.425598"/>
</kw>
<kw name="Return Reference ID" owner="claim_page">
<kw name="Run Keyword And Return Status" owner="BuiltIn">
<kw name="Wait Until Element Is Visible" owner="SeleniumLibrary">
<arg>${REFERENCE_LABEL}</arg>
<doc>Waits until the element ``locator`` is visible.</doc>
<status status="PASS" start="2025-09-08T21:10:58.073302" elapsed="0.045561"/>
</kw>
<msg time="2025-09-08T21:10:58.118863" level="INFO">${REFERENCE_LABEL_STATUS} = True</msg>
<var>${REFERENCE_LABEL_STATUS}</var>
<arg>Wait until element is visible</arg>
<arg>${REFERENCE_LABEL}</arg>
<doc>Runs the given keyword with given arguments and returns the status as a Boolean value.</doc>
<status status="PASS" start="2025-09-08T21:10:58.073302" elapsed="0.045561"/>
</kw>
<if>
<branch type="IF" condition="${REFERENCE_LABEL_STATUS}">
<kw name="Get Text" owner="SeleniumLibrary">
<msg time="2025-09-08T21:10:58.152938" level="INFO">${REFERENCE_TEXT} = Reference Id</msg>
<var>${REFERENCE_TEXT}</var>
<arg>${REFERENCE_LABEL}</arg>
<doc>Returns the text value of the element identified by ``locator``.</doc>
<status status="PASS" start="2025-09-08T21:10:58.118863" elapsed="0.034075"/>
</kw>
<kw name="Log" owner="BuiltIn">
<msg time="2025-09-08T21:10:58.152938" level="INFO">Read the Reference Number Reference Id</msg>
<arg>Read the Reference Number ${REFERENCE_TEXT}</arg>
<doc>Logs the given message with the given level.</doc>
<status status="PASS" start="2025-09-08T21:10:58.152938" elapsed="0.000000"/>
</kw>
<kw name="Wait Until Element Is Visible" owner="SeleniumLibrary">
<arg>${REFERENCE_ID}</arg>
<doc>Waits until the element ``locator`` is visible.</doc>
<status status="PASS" start="2025-09-08T21:10:58.152938" elapsed="0.032868"/>
</kw>
<kw name="Get Element Attribute" owner="SeleniumLibrary">
<msg time="2025-09-08T21:10:58.211480" level="INFO">${REFERECE_NUMBER} = 202509080000009</msg>
<var>${REFERECE_NUMBER}</var>
<arg>${REFERENCE_ID}</arg>
<arg>value</arg>
<doc>Returns the value of ``attribute`` from the element ``locator``.</doc>
<status status="PASS" start="2025-09-08T21:10:58.186312" elapsed="0.025168"/>
</kw>
<return>
<value>${REFERECE_NUMBER}</value>
<status status="PASS" start="2025-09-08T21:10:58.211480" elapsed="0.000000"/>
</return>
<status status="PASS" start="2025-09-08T21:10:58.118863" elapsed="0.092617"/>
</branch>
<branch type="ELSE">
<kw name="Log" owner="BuiltIn">
<arg>No Reference ID Found</arg>
<doc>Logs the given message with the given level.</doc>
<status status="NOT RUN" start="2025-09-08T21:10:58.211480" elapsed="0.000000"/>
</kw>
<return>
<value>None</value>
<status status="NOT RUN" start="2025-09-08T21:10:58.211480" elapsed="0.000000"/>
</return>
<status status="NOT RUN" start="2025-09-08T21:10:58.211480" elapsed="0.000000"/>
</branch>
<status status="PASS" start="2025-09-08T21:10:58.118863" elapsed="0.092617"/>
</if>
<msg time="2025-09-08T21:10:58.212532" level="INFO">${REFERENCE_NUMBER} = 202509080000009</msg>
<var>${REFERENCE_NUMBER}</var>
<doc>This Keyword Validates the Presence of Reference Label in Submit Claim Page and Read the Reference ID generated for the claim created.</doc>
<status status="PASS" start="2025-09-08T21:10:58.073302" elapsed="0.139230"/>
</kw>
<kw name="Click on My_Claims" owner="claim_page">
<kw name="Run Keyword And Return Status" owner="BuiltIn">
<kw name="Wait Until Element Is Visible" owner="SeleniumLibrary">
<arg>${MY_CLAIMS}</arg>
<doc>Waits until the element ``locator`` is visible.</doc>
<status status="PASS" start="2025-09-08T21:10:58.212532" elapsed="0.031492"/>
</kw>
<msg time="2025-09-08T21:10:58.245072" level="INFO">${MY_CLAIMS_STATUS} = True</msg>
<var>${MY_CLAIMS_STATUS}</var>
<arg>Wait until element is visible</arg>
<arg>${MY_CLAIMS}</arg>
<doc>Runs the given keyword with given arguments and returns the status as a Boolean value.</doc>
<status status="PASS" start="2025-09-08T21:10:58.212532" elapsed="0.032540"/>
</kw>
<if>
<branch type="IF" condition="${MY_CLAIMS_STATUS}">
<kw name="Click Element" owner="SeleniumLibrary">
<msg time="2025-09-08T21:10:58.245072" level="INFO">Clicking element 'xpath=//a[text()='My Claims']'.</msg>
<arg>${MY_CLAIMS}</arg>
<doc>Click the element identified by ``locator``.</doc>
<status status="PASS" start="2025-09-08T21:10:58.245072" elapsed="0.705366"/>
</kw>
<kw name="Log" owner="BuiltIn">
<msg time="2025-09-08T21:10:58.951694" level="INFO">Clicked on My_Claims</msg>
<arg>Clicked on My_Claims</arg>
<doc>Logs the given message with the given level.</doc>
<status status="PASS" start="2025-09-08T21:10:58.951694" elapsed="0.000000"/>
</kw>
<status status="PASS" start="2025-09-08T21:10:58.245072" elapsed="0.706622"/>
</branch>
<branch type="ELSE">
<kw name="Log" owner="BuiltIn">
<arg>My_Claims Not Found</arg>
<doc>Logs the given message with the given level.</doc>
<status status="NOT RUN" start="2025-09-08T21:10:58.951694" elapsed="0.000000"/>
</kw>
<status status="NOT RUN" start="2025-09-08T21:10:58.951694" elapsed="0.000000"/>
</branch>
<status status="PASS" start="2025-09-08T21:10:58.245072" elapsed="0.706622"/>
</if>
<doc>This Keyword Click on My_Claims in CLaim Page</doc>
<status status="PASS" start="2025-09-08T21:10:58.212532" elapsed="0.739162"/>
</kw>
<kw name="Find the Claim Request" owner="claim_page">
<kw name="Log To Console" owner="BuiltIn">
<arg>NUmber is: ${REFERENCE_NUMBER}</arg>
<doc>Logs the given message to the console.</doc>
<status status="PASS" start="2025-09-08T21:10:58.953161" elapsed="0.000000"/>
</kw>
<kw name="Wait Until Element Is Visible" owner="SeleniumLibrary">
<arg>${RECORDS_ROW}</arg>
<doc>Waits until the element ``locator`` is visible.</doc>
<status status="PASS" start="2025-09-08T21:10:58.953161" elapsed="0.929365"/>
</kw>
<kw name="Get WebElements" owner="SeleniumLibrary">
<msg time="2025-09-08T21:10:59.895365" level="INFO">@{ROWS} = [ &lt;selenium.webdriver.remote.webelement.WebElement (session="13e8c7dac112e4bbb1e0d5faafcda376", element="f.821458E309DA42AC4DFA511A190FD5A6.d.356964FF8C56C67571AC0B4D4A6B2CAC.e.120")&gt; | &lt;selenium.webd...</msg>
<var>@{ROWS}</var>
<arg>${RECORDS_ROW}</arg>
<doc>Returns a list of WebElement objects matching the ``locator``.</doc>
<status status="PASS" start="2025-09-08T21:10:59.882526" elapsed="0.012839"/>
</kw>
<for flavor="IN">
<iter>
<kw name="Get Text" owner="SeleniumLibrary">
<msg time="2025-09-08T21:10:59.930875" level="INFO">${ROW_TEXT} = Reference Id</msg>
<var>${ROW_TEXT}</var>
<arg>${ROW}</arg>
<doc>Returns the text value of the element identified by ``locator``.</doc>
<status status="PASS" start="2025-09-08T21:10:59.895365" elapsed="0.035510"/>
</kw>
<if>
<branch type="IF" condition="'${REFERENCE_NUMBER}' == '${ROW_TEXT}'">
<kw name="Log To Console" owner="BuiltIn">
<arg>Record Found ${REFERENCE_NUMBER}==${ROW_TEXT}</arg>
<doc>Logs the given message to the console.</doc>
<status status="NOT RUN" start="2025-09-08T21:10:59.930875" elapsed="0.000000"/>
</kw>
<kw name="Exit For Loop" owner="BuiltIn">
<doc>Stops executing the enclosing FOR loop.</doc>
<status status="NOT RUN" start="2025-09-08T21:10:59.930875" elapsed="0.000000"/>
</kw>
<status status="NOT RUN" start="2025-09-08T21:10:59.930875" elapsed="0.000000"/>
</branch>
<branch type="ELSE">
<kw name="Log To Console" owner="BuiltIn">
<arg>Records Not Found ${REFERENCE_NUMBER}!=${ROW_TEXT}</arg>
<doc>Logs the given message to the console.</doc>
<status status="PASS" start="2025-09-08T21:10:59.932887" elapsed="0.000000"/>
</kw>
<kw name="Continue For Loop" owner="BuiltIn">
<msg time="2025-09-08T21:10:59.932887" level="INFO">Continuing for loop from the next iteration.</msg>
<doc>Skips the current FOR loop iteration and continues from the next.</doc>
<status status="PASS" start="2025-09-08T21:10:59.932887" elapsed="0.000000"/>
</kw>
<status status="PASS" start="2025-09-08T21:10:59.932887" elapsed="0.002018"/>
</branch>
<status status="PASS" start="2025-09-08T21:10:59.930875" elapsed="0.004030"/>
</if>
<var name="${ROW}">&lt;selenium.webdriver.remote.webelement.WebElement (session="13e8c7dac112e4bbb1e0d5faafcda376", element="f.821458E309DA42AC4DFA511A190FD5A6.d.356964FF8C56C67571AC0B4D4A6B2CAC.e.120")&gt;</var>
<status status="PASS" start="2025-09-08T21:10:59.895365" elapsed="0.039540"/>
</iter>
<iter>
<kw name="Get Text" owner="SeleniumLibrary">
<msg time="2025-09-08T21:10:59.955397" level="INFO">${ROW_TEXT} = 202509080000009</msg>
<var>${ROW_TEXT}</var>
<arg>${ROW}</arg>
<doc>Returns the text value of the element identified by ``locator``.</doc>
<status status="PASS" start="2025-09-08T21:10:59.934905" elapsed="0.020492"/>
</kw>
<if>
<branch type="IF" condition="'${REFERENCE_NUMBER}' == '${ROW_TEXT}'">
<kw name="Log To Console" owner="BuiltIn">
<arg>Record Found ${REFERENCE_NUMBER}==${ROW_TEXT}</arg>
<doc>Logs the given message to the console.</doc>
<status status="PASS" start="2025-09-08T21:10:59.955397" elapsed="0.000000"/>
</kw>
<kw name="Exit For Loop" owner="BuiltIn">
<msg time="2025-09-08T21:10:59.958469" level="INFO">Exiting for loop altogether.</msg>
<doc>Stops executing the enclosing FOR loop.</doc>
<status status="PASS" start="2025-09-08T21:10:59.958469" elapsed="0.000000"/>
</kw>
<status status="PASS" start="2025-09-08T21:10:59.955397" elapsed="0.004374"/>
</branch>
<branch type="ELSE">
<kw name="Log To Console" owner="BuiltIn">
<arg>Records Not Found ${REFERENCE_NUMBER}!=${ROW_TEXT}</arg>
<doc>Logs the given message to the console.</doc>
<status status="NOT RUN" start="2025-09-08T21:10:59.959771" elapsed="0.000000"/>
</kw>
<kw name="Continue For Loop" owner="BuiltIn">
<doc>Skips the current FOR loop iteration and continues from the next.</doc>
<status status="NOT RUN" start="2025-09-08T21:10:59.959771" elapsed="0.000000"/>
</kw>
<status status="NOT RUN" start="2025-09-08T21:10:59.959771" elapsed="0.000000"/>
</branch>
<status status="PASS" start="2025-09-08T21:10:59.955397" elapsed="0.004374"/>
</if>
<var name="${ROW}">&lt;selenium.webdriver.remote.webelement.WebElement (session="13e8c7dac112e4bbb1e0d5faafcda376", element="f.821458E309DA42AC4DFA511A190FD5A6.d.356964FF8C56C67571AC0B4D4A6B2CAC.e.121")&gt;</var>
<status status="PASS" start="2025-09-08T21:10:59.934905" elapsed="0.024866"/>
</iter>
<var>${ROW}</var>
<value>@{ROWS}</value>
<status status="PASS" start="2025-09-08T21:10:59.895365" elapsed="0.064406"/>
</for>
<kw name="Capture Page Screenshot" owner="SeleniumLibrary">
<msg time="2025-09-08T21:11:00.221964" level="INFO" html="true">&lt;/td&gt;&lt;/tr&gt;&lt;tr&gt;&lt;td colspan="3"&gt;&lt;a href="screenshots/Claim_Record_Found.png"&gt;&lt;img src="screenshots/Claim_Record_Found.png" width="800px"&gt;&lt;/a&gt;</msg>
<arg>screenshots/Claim_Record_Found.png</arg>
<doc>Takes a screenshot of the current page and embeds it into a log file.</doc>
<status status="PASS" start="2025-09-08T21:10:59.959771" elapsed="0.262193"/>
</kw>
<arg>${REFERENCE_NUMBER}</arg>
<doc>This Keyword Reads the Reference Number passed as Argument and Validate it against the Records found in My_Claims Page</doc>
<status status="PASS" start="2025-09-08T21:10:58.953161" elapsed="1.268803"/>
</kw>
<doc>This Test Claim for Amount Request and Validate the Requests Presence</doc>
<status status="PASS" start="2025-09-08T21:10:21.445047" elapsed="38.776917"/>
</kw>
<doc>This Test Claim for Amount Request and Validate the Requests Presence</doc>
<status status="PASS" start="2025-09-08T21:10:21.443032" elapsed="38.778932"/>
</test>
<kw name="Close The Browser" owner="login_page_keywords" type="TEARDOWN">
<kw name="Close Browser" owner="SeleniumLibrary">
<doc>Closes the current browser.</doc>
<status status="PASS" start="2025-09-08T21:11:00.232566" elapsed="2.460694"/>
</kw>
<doc>This Keyword Close the Browser</doc>
<status status="PASS" start="2025-09-08T21:11:00.232566" elapsed="2.460694"/>
</kw>
<doc>This Test Verifies the Multiple Sets of Login Flow and Validate Error Message For Invalid User</doc>
<status status="PASS" start="2025-09-08T21:06:34.881279" elapsed="267.811981"/>
</suite>
<status status="PASS" start="2025-09-08T21:06:34.787543" elapsed="267.914549"/>
</suite>
<statistics>
<total>
<stat pass="10" fail="0" skip="0">All Tests</stat>
</total>
<tag>
</tag>
<suite>
<stat name="Tests" id="s1" pass="10" fail="0" skip="0">Tests</stat>
<stat name="Test Login Credentials Suite" id="s1-s1" pass="10" fail="0" skip="0">Tests.Test Login Credentials Suite</stat>
</suite>
</statistics>
<errors>
<msg time="2025-09-08T21:06:35.734810" level="ERROR">Error in file 'C:\Users\91956\PycharmProjects\PythonMainProject\HR_project\pages\menu_item_dashboard_page.robot' on line 4: Invalid resource file extension '.py'. Supported extensions are '.json', '.resource', '.rest', '.robot', '.rsrc', '.rst', '.tsv' and '.txt'.</msg>
</errors>
</robot>
